**********************
Inizio trascrizione Windows PowerShell
Ora di inizio: 20250917192243
Nome utente: ASSEMBLATO3M\Utente
Esegui come utente: ASSEMBLATO3M\Utente
Nome configurazione: 
Computer ASSEMBLATO3M (Microsoft Windows NT 10.0.19045.0)
Applicazione host: C:\Windows\System32\WindowsPowerShell\v1.0\powershell.exe
ID processo: 17612
PSVersion: 5.1.19041.6328
PSEdition: Desktop
PSCompatibleVersions: 1.0, 2.0, 3.0, 4.0, 5.0, 5.1.19041.6328
BuildVersion: 10.0.19041.6328
CLRVersion: 4.0.30319.42000
WSManStackVersion: 3.0
PSRemotingProtocolVersion: 2.3
SerializationVersion: 1.1.0.1
**********************
Trascrizione avviata. File di output: C:\Users\Utente\Desktop\DEGARI-Music2.0\Creazione dei prototipi\data\pipeline_20250917_192243.log
PS C:\Users\Utente\Desktop\DEGARI-Music2.0> Try {
    # 1) Vai nella radice del progetto
    Write-Host "`n=== 0) Imposto radice progetto e (eventuale) venv ===`n"
    Set-Location -LiteralPath $ROOT

    # 2) Politica esecuzione e creazione venv (se manca)
    Set-ExecutionPolicy -Scope CurrentUser RemoteSigned -Force
    if (!(Test-Path ".venv")) {
        Write-Host "Creazione virtualenv .venv..."
        py -3.12 -m venv ".venv"
    } else {
        Write-Host "Virtualenv .venv già presente."
    }

    # 3) Attiva virtualenv
    Write-Host "Attivazione virtualenv..."
    & ".\.venv\Scripts\Activate.ps1"

    # 4) Aggiorna pip e installa dipendenze principali
    Write-Host "`n=== 1) Aggiorno pip e installo pacchetti Python ===`n"
    python -m pip install -U pip
    python -m pip install nltk owlready2 rdflib treetaggerwrapper six lyricsgenius python-slugify unidecode requests beautifulsoup4

    # 5) Scarica risorse NLTK (script temporaneo, PowerShell-friendly)
    Write-Host "`n=== 2) Scarico risorse NLTK (punkt, punkt_tab) ===`n"
    $code = @'
import nltk, contextlib
for pkg in ("punkt","punkt_tab"):
    with contextlib.suppress(Exception):
        nltk.download(pkg, quiet=True)
print("NLTK data OK")
'@
    $tmp = Join-Path $env:TEMP "nltk_dl.py"
    Set-Content -Path $tmp -Value $code -Encoding UTF8
    python $tmp
    Remove-Item $tmp -Force -ErrorAction SilentlyContinue

    # 6) Imposta TREETAGGER_HOME (persistente per l'utente) e per la sessione corrente
    Write-Host "`n=== 3) Imposto TREETAGGER_HOME ===`n"
    $TTH = "C:\Users\Utente\Desktop\TreeTagger"
    [System.Environment]::SetEnvironmentVariable('TREETAGGER_HOME', $TTH, 'User')
    $env:TREETAGGER_HOME = $TTH
    Write-Host "TREETAGGER_HOME set to: $env:TREETAGGER_HOME"

    # 7) Patch rapida a treetaggerwrapper per SafeConfigParser -> RawConfigParser (backup automatico)
    Write-Host "`n=== 4) Applicazione patch rapida a treetaggerwrapper (se necessaria) ===`n"
    $ttfile = Join-Path $ROOT ".venv\Lib\site-packages\treetaggerwrapper.py"
    if (Test-Path $ttfile) {
        $backup = "$ttfile.bak.$timestamp"
        if (!(Test-Path $backup)) {
            Copy-Item -Path $ttfile -Destination $backup -Force
            Write-Host "Backup creato: $backup"
        }
        $content = Get-Content -Path $ttfile -Raw
        if ($content -match "SafeConfigParser") {
            $new = $content -replace "SafeConfigParser", "RawConfigParser"
            Set-Content -Path $ttfile -Value $new -Encoding UTF8
            Write-Host "Patch applicata: SafeConfigParser -> RawConfigParser"
        } else {
            Write-Host "Patch non necessaria (già applicata o assente)."
        }
    } else {
        Write-Host "Attenzione: treetaggerwrapper.py non trovato in: $ttfile"
    }

    # 8) Esegui pipeline STEP-BY-STEP
    Write-Host "`n=== 5) ESECUZIONE PIPELINE DEGARI ===`n"

    # 5.1) CRAWLER (aggiorna lyrics + metadata nel JSON)
    Write-Host "`n--- 5.1 CRAWLER (Tools/crawler_lyrics.py) ---`n"
    Set-Location -LiteralPath (Join-Path $ROOT "Tools")
    python crawler_lyrics.py

    # 5.2) FEATURES (tag ripetizione/chorus)
    Write-Host "`n--- 5.2 FEATURES (Tools/lyrics_features.py) ---`n"
    python lyrics_features.py

    # 5.3) PROTOTYPER (genera file Modulo 1 in "Creazione dei prototipi")
    Write-Host "`n--- 5.3 PROTOTYPER (Creazione dei prototipi/prototyper.py) ---`n"
    Set-Location -LiteralPath (Join-Path $ROOT "Creazione dei prototipi")
    python prototyper.py

    # 5.4) PREPROCESSING (genera coppie head/modifier -> prototipi_music)
    Write-Host "`n--- 5.4 PREPROCESSING (Sistema di raccomandazione/cocos_preprocessing.py) ---`n"
    Set-Location -LiteralPath (Join-Path $ROOT "Sistema di raccomandazione")
    $genres = @("rap","metal","rock","pop","trap","reggae","rnb","country")
    foreach ($h in $genres) {
        foreach ($m in $genres) {
            if ($h -ne $m) {
                Write-Host "Preprocessing: $h $m"
                python cocos_preprocessing.py $h $m
            }
        }
    }

    # 5.5) COCOS (esegue il motore su tutti i prototipi generati)
    Write-Host "`n--- 5.5 COCOS (eseguo cocos.py su prototipi_music/*.txt) ---`n"
    $protoDir = Join-Path (Get-Location) "prototipi_music"
    if (Test-Path $protoDir) {
        Get-ChildItem $protoDir -Filter *.txt | ForEach-Object {
            $p = Join-Path $protoDir $_.Name
            Write-Host "Running cocos.py $($_.Name)"
            python cocos.py $p 14
        }
    } else {
        Write-Host "Attenzione: directory prototipi_music non trovata: $protoDir"
    }

    # 5.6) RECOMMENDER (solo sui prototipi "validi" che contengono una riga 'result:')
    Write-Host "`n--- 5.6 RECOMMENDER (Classificatore/Recommender.py sui prototipi validi) ---`n"
    Set-Location -LiteralPath (Join-Path $ROOT "Sistema di raccomandazione\Classificatore")
    $protoDir = Join-Path $ROOT "Sistema di raccomandazione\prototipi_music"
    if (Test-Path $protoDir) {
        Get-ChildItem $protoDir -Filter *.txt |
            Where-Object { Select-String -Path $_.FullName -Pattern '^\s*result\s*:' -Quiet } |
            ForEach-Object {
                Write-Host "Running Recommender on $($_.Name)"
                python Recommender.py (Join-Path $protoDir $_.Name)
            }
    } else {
        Write-Host "Attenzione: prototipi_music non trovato: $protoDir"
    }

    Write-Host "`n=== PIPELINE COMPLETATA ===`n"
} Catch {
    Write-Host "`n!!! ERRORE DURANTE L'ESECUZIONE PIPELINE !!!"
    Write-Host $_.Exception.Message
    Write-Host $_.Exception.StackTrace
} Finally {
    # stop transcript and show location of log
    Stop-Transcript | Out-Null
    Write-Host "`nTrascrizione salvata in: $logFile`n"
}

=== 0) Imposto radice progetto e (eventuale) venv ===
Virtualenv .venv già presente.
Attivazione virtualenv...

=== 1) Aggiorno pip e installo pacchetti Python ===
Requirement already satisfied: pip in c:\users\utente\desktop\degari-music2.0\.venv\lib\site-packages (25.2)
Requirement already satisfied: nltk in c:\users\utente\desktop\degari-music2.0\.venv\lib\site-packages (3.9.1)
Requirement already satisfied: owlready2 in c:\users\utente\desktop\degari-music2.0\.venv\lib\site-packages (0.48)
Requirement already satisfied: rdflib in c:\users\utente\desktop\degari-music2.0\.venv\lib\site-packages (7.1.4)
Requirement already satisfied: treetaggerwrapper in c:\users\utente\desktop\degari-music2.0\.venv\lib\site-packages (2.3
)
Requirement already satisfied: six in c:\users\utente\desktop\degari-music2.0\.venv\lib\site-packages (1.17.0)
Requirement already satisfied: lyricsgenius in c:\users\utente\desktop\degari-music2.0\.venv\lib\site-packages (3.7.2)
Requirement already satisfied: python-slugify in c:\users\utente\desktop\degari-music2.0\.venv\lib\site-packages (8.0.4)

Requirement already satisfied: unidecode in c:\users\utente\desktop\degari-music2.0\.venv\lib\site-packages (1.4.0)
Requirement already satisfied: requests in c:\users\utente\desktop\degari-music2.0\.venv\lib\site-packages (2.32.5)
Requirement already satisfied: beautifulsoup4 in c:\users\utente\desktop\degari-music2.0\.venv\lib\site-packages (4.13.5
)
Requirement already satisfied: click in c:\users\utente\desktop\degari-music2.0\.venv\lib\site-packages (from nltk) (8.2
.1)
Requirement already satisfied: joblib in c:\users\utente\desktop\degari-music2.0\.venv\lib\site-packages (from nltk) (1.
5.2)
Requirement already satisfied: regex>=2021.8.3 in c:\users\utente\desktop\degari-music2.0\.venv\lib\site-packages (from
nltk) (2025.9.1)
Requirement already satisfied: tqdm in c:\users\utente\desktop\degari-music2.0\.venv\lib\site-packages (from nltk) (4.67
.1)
Requirement already satisfied: pyparsing<4,>=2.1.0 in c:\users\utente\desktop\degari-music2.0\.venv\lib\site-packages (f
rom rdflib) (3.2.4)
Requirement already satisfied: text-unidecode>=1.3 in c:\users\utente\desktop\degari-music2.0\.venv\lib\site-packages (f
rom python-slugify) (1.3)
Requirement already satisfied: charset_normalizer<4,>=2 in c:\users\utente\desktop\degari-music2.0\.venv\lib\site-packag
es (from requests) (3.4.3)
Requirement already satisfied: idna<4,>=2.5 in c:\users\utente\desktop\degari-music2.0\.venv\lib\site-packages (from req
uests) (3.10)
Requirement already satisfied: urllib3<3,>=1.21.1 in c:\users\utente\desktop\degari-music2.0\.venv\lib\site-packages (fr
om requests) (2.5.0)
Requirement already satisfied: certifi>=2017.4.17 in c:\users\utente\desktop\degari-music2.0\.venv\lib\site-packages (fr
om requests) (2025.8.3)
Requirement already satisfied: soupsieve>1.2 in c:\users\utente\desktop\degari-music2.0\.venv\lib\site-packages (from be
autifulsoup4) (2.8)
Requirement already satisfied: typing-extensions>=4.0.0 in c:\users\utente\desktop\degari-music2.0\.venv\lib\site-packag
es (from beautifulsoup4) (4.15.0)
Requirement already satisfied: colorama in c:\users\utente\desktop\degari-music2.0\.venv\lib\site-packages (from click->
nltk) (0.4.6)

=== 2) Scarico risorse NLTK (punkt, punkt_tab) ===
NLTK data OK

=== 3) Imposto TREETAGGER_HOME ===
TREETAGGER_HOME set to: C:\Users\Utente\Desktop\TreeTagger

=== 4) Applicazione patch rapida a treetaggerwrapper (se necessaria) ===
Backup creato: C:\Users\Utente\Desktop\DEGARI-Music2.0\.venv\Lib\site-packages\treetaggerwrapper.py.bak.20250917_192243
Patch non necessaria (già applicata o assente).

=== 5) ESECUZIONE PIPELINE DEGARI ===

--- 5.1 CRAWLER (Tools/crawler_lyrics.py) ---

== Eminem (rap) ==
  - dup: rap_eminem_rap-god

== Kendrick Lamar (rap) ==
  - dup: rap_kendrick-l_not-like-us

== Travis Scott (trap) ==
  - dup: trap_travis-sco_sicko-mode

== Future (trap) ==
  - dup: trap_future_mask-off

== Metallica (metal) ==
  - dup: metal_metallica_one

== Judas Priest (metal) ==
  - dup: metal_judas-prie_painkiller

== Nirvana (rock) ==
  - dup: rock_nirvana_smells-like-teen

== AC/DC (rock) ==
  - dup: rock_ac-dc_t-n-t

== The Weeknd (pop) ==
  - dup: pop_the-weeknd_the-hills

== Lady Gaga (pop) ==
  - dup: pop_lady-gaga_shallow

== Bob Marley (reggae) ==
  - dup: reggae_bob-marley_one-love

== Inner Circle (reggae) ==
  - dup: reggae_inner-circ_bad-boys

== Beyoncé (rnb) ==
  - dup: rnb_beyonce_drunk-in-love

== TLC (rnb) ==
  - dup: rnb_tlc_no-scrubs-with-r

== John Denver (country) ==
  - dup: country_john-denve_take-me-home-cou

== Dolly Parton (country) ==
  - dup: country_dolly-part_jolene

Aggiornato: C:\Users\Utente\Desktop\DEGARI-Music2.0\Creazione dei prototipi\descr_music.json -> Totale brani: 46

--- 5.2 FEATURES (Tools/lyrics_features.py) ---
Aggiornato descr_music.json con tag di ripetizione.

--- 5.3 PROTOTYPER (Creazione dei prototipi/prototyper.py) ---
C:\Users\Utente\Desktop\DEGARI-Music2.0\.venv\Lib\site-packages\treetaggerwrapper.py:741: FutureWarning: Possible nested
 set at position 8
  punct2find_re = re.compile("([^ ])([[" + ALONEMARKS + "])",
C:\Users\Utente\Desktop\DEGARI-Music2.0\.venv\Lib\site-packages\treetaggerwrapper.py:2045: FutureWarning: Possible neste
d set at position 152
  DnsHostMatch_re = re.compile("(" + DnsHost_expression + ")",
C:\Users\Utente\Desktop\DEGARI-Music2.0\.venv\Lib\site-packages\treetaggerwrapper.py:2069: FutureWarning: Possible neste
d set at position 409
  UrlMatch_re = re.compile(UrlMatch_expression, re.VERBOSE | re.IGNORECASE)
C:\Users\Utente\Desktop\DEGARI-Music2.0\.venv\Lib\site-packages\treetaggerwrapper.py:2081: FutureWarning: Possible neste
d set at position 192
  EmailMatch_re = re.compile(EmailMatch_expression, re.VERBOSE | re.IGNORECASE)
File generated in C:\Users\Utente\Desktop\DEGARI-Music2.0\Creazione dei prototipi\music_for_cocos/

--- 5.4 PREPROCESSING (Sistema di raccomandazione/cocos_preprocessing.py) ---
Preprocessing: rap metal

Preprocessing: rap rock

Preprocessing: rap pop

Preprocessing: rap trap

Preprocessing: rap reggae

Preprocessing: rap rnb

Preprocessing: rap country

Preprocessing: metal rap

Preprocessing: metal rock

Preprocessing: metal pop

Preprocessing: metal trap

Preprocessing: metal reggae

Preprocessing: metal rnb

Preprocessing: metal country

Preprocessing: rock rap

Preprocessing: rock metal

Preprocessing: rock pop

Preprocessing: rock trap

Preprocessing: rock reggae

Preprocessing: rock rnb

Preprocessing: rock country

Preprocessing: pop rap

Preprocessing: pop metal

Preprocessing: pop rock

Preprocessing: pop trap

Preprocessing: pop reggae

Preprocessing: pop rnb

Preprocessing: pop country

Preprocessing: trap rap

Preprocessing: trap metal

Preprocessing: trap rock

Preprocessing: trap pop

Preprocessing: trap reggae

Preprocessing: trap rnb

Preprocessing: trap country

Preprocessing: reggae rap

Preprocessing: reggae metal

Preprocessing: reggae rock

Preprocessing: reggae pop

Preprocessing: reggae trap

Preprocessing: reggae rnb

Preprocessing: reggae country

Preprocessing: rnb rap

Preprocessing: rnb metal

Preprocessing: rnb rock

Preprocessing: rnb pop

Preprocessing: rnb trap

Preprocessing: rnb reggae

Preprocessing: rnb country

Preprocessing: country rap

Preprocessing: country metal

Preprocessing: country rock

Preprocessing: country pop

Preprocessing: country trap

Preprocessing: country reggae

Preprocessing: country rnb


--- 5.5 COCOS (eseguo cocos.py su prototipi_music/*.txt) ---
Running cocos.py country_metal.txt


Head Concept: country, Modifier Concept: metal

Recommended scenario(s):
  - {'distorted_guitars': 0.9, 'riff': 0.9, 'double_bass': 0.85, 'guitar_solo': 0.8, 'power_chords': 0.75, 'fast_tempos'
: 0.7, 'growl_or_scream': 0.7, 'palm_muting': 0.65, 'moshpit_energy': 0.6, 'twang_vocals': 0.8, 'fiddle': 0.7, 'steel_gu
itar': 0.7, 'folk_influence': 0.7, 'verse_chorus': 0.75, '@scenario_probability': 0.48739661333999984}
  - {'distorted_guitars': 0.9, 'riff': 0.9, 'double_bass': 0.85, 'guitar_solo': 0.8, 'power_chords': 0.75, 'fast_tempos'
: 0.7, 'growl_or_scream': 0.7, 'palm_muting': 0.65, 'moshpit_energy': 0.6, 'twang_vocals': 0.8, 'banjo': 0.7, 'steel_gui
tar': 0.7, 'folk_influence': 0.7, 'verse_chorus': 0.75, '@scenario_probability': 0.48739661333999984}
  - {'distorted_guitars': 0.9, 'riff': 0.9, 'double_bass': 0.85, 'guitar_solo': 0.8, 'power_chords': 0.75, 'fast_tempos'
: 0.7, 'growl_or_scream': 0.7, 'palm_muting': 0.65, 'moshpit_energy': 0.6, 'twang_vocals': 0.8, 'banjo': 0.7, 'fiddle':
0.7, 'folk_influence': 0.7, 'verse_chorus': 0.75, '@scenario_probability': 0.48739661333999984}
  - {'distorted_guitars': 0.9, 'riff': 0.9, 'double_bass': 0.85, 'guitar_solo': 0.8, 'power_chords': 0.75, 'fast_tempos'
: 0.7, 'growl_or_scream': 0.7, 'palm_muting': 0.65, 'moshpit_energy': 0.6, 'twang_vocals': 0.8, 'banjo': 0.7, 'fiddle':
0.7, 'steel_guitar': 0.7, 'verse_chorus': 0.75, '@scenario_probability': 0.48739661333999984}
Running cocos.py country_pop.txt


Head Concept: country, Modifier Concept: pop

Recommended scenario(s):
  - {'synth_hook': 0.85, 'danceable_groove': 0.8, 'verse_chorus_structure': 0.8, 'radio_friendly_length': 0.7, 'autotune
': 0.65, 'clean_vocals': 0.75, 'twang_vocals': 0.8, 'banjo': 0.7, 'fiddle': 0.7, 'steel_guitar': 0.7, 'verse_chorus': 0.
75, '@scenario_probability': 1.14614136}
Running cocos.py country_rap.txt


Head Concept: country, Modifier Concept: rap

Recommended scenario(s):
  - {'flow': 0.9, 'rhyme': 0.9, 'punchline': 0.85, 'storytelling': 0.8, 'wordplay': 0.8, 'boom_bap_drums': 0.75, 'trap_8
08': 0.7, 'autotune': 0.65, 'battle_attitude': 0.65, 'twang_vocals': 0.8, 'banjo': 0.7, 'fiddle': 0.7, 'folk_influence':
 0.7, 'verse_chorus': 0.75, '@scenario_probability': 0.24137737041600005}
  - {'flow': 0.9, 'rhyme': 0.9, 'punchline': 0.85, 'storytelling': 0.8, 'wordplay': 0.8, 'boom_bap_drums': 0.75, 'trap_8
08': 0.7, 'autotune': 0.65, 'battle_attitude': 0.65, 'twang_vocals': 0.8, 'banjo': 0.7, 'fiddle': 0.7, 'steel_guitar': 0
.7, 'verse_chorus': 0.75, '@scenario_probability': 0.24137737041600005}
Running cocos.py country_reggae.txt


Head Concept: country, Modifier Concept: reggae

Recommended scenario(s):
  - {'dub_echo': 0.8, 'laid_back': 0.75, 'one_drop_drum': 0.7, 'jamaican_patois': 0.7, 'storytelling': 0.7, 'roots_vibe'
: 0.8, 'twang_vocals': 0.8, 'banjo': 0.7, 'fiddle': 0.7, 'steel_guitar': 0.7, 'verse_chorus': 0.75, '@scenario_probabili
ty': 1.01648736}
Running cocos.py country_rnb.txt


Head Concept: country, Modifier Concept: rnb

Recommended scenario(s):
  - {'love_theme': 0.85, 'slow_jam': 0.8, 'melismatic_vocals': 0.8, 'auto_tune': 0.65, 'romantic_lyrics': 0.8, 'groove_b
assline': 0.7, 'twang_vocals': 0.8, 'fiddle': 0.7, 'steel_guitar': 0.7, 'folk_influence': 0.7, 'verse_chorus': 0.75, '@s
cenario_probability': 1.2225507840000003}
  - {'love_theme': 0.85, 'slow_jam': 0.8, 'melismatic_vocals': 0.8, 'auto_tune': 0.65, 'romantic_lyrics': 0.8, 'groove_b
assline': 0.7, 'twang_vocals': 0.8, 'banjo': 0.7, 'steel_guitar': 0.7, 'folk_influence': 0.7, 'verse_chorus': 0.75, '@sc
enario_probability': 1.2225507840000003}
  - {'love_theme': 0.85, 'slow_jam': 0.8, 'melismatic_vocals': 0.8, 'auto_tune': 0.65, 'romantic_lyrics': 0.8, 'groove_b
assline': 0.7, 'twang_vocals': 0.8, 'banjo': 0.7, 'fiddle': 0.7, 'folk_influence': 0.7, 'verse_chorus': 0.75, '@scenario
_probability': 1.2225507840000003}
  - {'love_theme': 0.85, 'slow_jam': 0.8, 'melismatic_vocals': 0.8, 'auto_tune': 0.65, 'romantic_lyrics': 0.8, 'groove_b
assline': 0.7, 'twang_vocals': 0.8, 'banjo': 0.7, 'fiddle': 0.7, 'steel_guitar': 0.7, 'verse_chorus': 0.75, '@scenario_p
robability': 1.2225507840000003}
Running cocos.py country_rock.txt


Head Concept: country, Modifier Concept: rock

Recommended scenario(s):
  - {'distorted_guitars': 0.8, 'riff': 0.85, 'power_chords': 0.8, 'verse_chorus_structure': 0.75, 'guitar_solo': 0.7, 'b
and_setup': 0.7, 'twang_vocals': 0.8, 'banjo': 0.7, 'steel_guitar': 0.7, 'folk_influence': 0.7, 'verse_chorus': 0.75, '@
scenario_probability': 1.23430608}
  - {'distorted_guitars': 0.8, 'riff': 0.85, 'power_chords': 0.8, 'verse_chorus_structure': 0.75, 'guitar_solo': 0.7, 'b
and_setup': 0.7, 'twang_vocals': 0.8, 'banjo': 0.7, 'fiddle': 0.7, 'folk_influence': 0.7, 'verse_chorus': 0.75, '@scenar
io_probability': 1.23430608}
  - {'distorted_guitars': 0.8, 'riff': 0.85, 'power_chords': 0.8, 'verse_chorus_structure': 0.75, 'guitar_solo': 0.7, 'b
and_setup': 0.7, 'twang_vocals': 0.8, 'banjo': 0.7, 'fiddle': 0.7, 'steel_guitar': 0.7, 'verse_chorus': 0.75, '@scenario
_probability': 1.23430608}
Running cocos.py country_trap.txt


Head Concept: country, Modifier Concept: trap

Recommended scenario(s):
  - {'808': 0.9, 'hi_hat_triplets': 0.85, 'auto_tune': 0.85, 'minimal_beat': 0.75, 'dark_vibe': 0.7, 'flute_loop': 0.7,
'deadpan_flow': 0.65, 'adlibs': 0.65, 'twang_vocals': 0.8, 'banjo': 0.7, 'fiddle': 0.7, 'steel_guitar': 0.7, 'verse_chor
us': 0.75, '@scenario_probability': 0.623348677940625}
Running cocos.py metal_country.txt


Head Concept: metal, Modifier Concept: country

Recommended scenario(s):
  - {'twang_vocals': 0.8, 'banjo': 0.7, 'fiddle': 0.7, 'steel_guitar': 0.7, 'folk_influence': 0.7, 'verse_chorus': 0.75,
 'distorted_guitars': 0.9, 'riff': 0.9, 'double_bass': 0.85, 'guitar_solo': 0.8, 'power_chords': 0.75, 'fast_tempos': 0.
7, 'growl_or_scream': 0.7, 'palm_muting': 0.65, '@scenario_probability': 0.7581725096399998}
Running cocos.py metal_pop.txt


Head Concept: metal, Modifier Concept: pop

Recommended scenario(s):
  - {'synth_hook': 0.85, 'danceable_groove': 0.8, 'verse_chorus_structure': 0.8, 'radio_friendly_length': 0.7, 'autotune
': 0.65, 'clean_vocals': 0.75, 'distorted_guitars': 0.9, 'riff': 0.9, 'double_bass': 0.85, 'guitar_solo': 0.8, 'power_ch
ords': 0.75, 'fast_tempos': 0.7, 'growl_or_scream': 0.7, 'palm_muting': 0.65, '@scenario_probability': 0.977003642160000
1}
Running cocos.py metal_rap.txt


Head Concept: metal, Modifier Concept: rap

Recommended scenario(s):
  - {'flow': 0.9, 'rhyme': 0.9, 'punchline': 0.85, 'storytelling': 0.8, 'wordplay': 0.8, 'boom_bap_drums': 0.75, 'trap_8
08': 0.7, 'distorted_guitars': 0.9, 'riff': 0.9, 'double_bass': 0.85, 'guitar_solo': 0.8, 'power_chords': 0.75, 'fast_te
mpos': 0.7, 'growl_or_scream': 0.7, '@scenario_probability': 0.03212318602382399}
Running cocos.py metal_reggae.txt


Head Concept: metal, Modifier Concept: reggae

Recommended scenario(s):
  - {'dub_echo': 0.8, 'laid_back': 0.75, 'one_drop_drum': 0.7, 'jamaican_patois': 0.7, 'storytelling': 0.7, 'roots_vibe'
: 0.8, 'distorted_guitars': 0.9, 'riff': 0.9, 'double_bass': 0.85, 'guitar_solo': 0.8, 'power_chords': 0.75, 'fast_tempo
s': 0.7, 'growl_or_scream': 0.7, 'palm_muting': 0.65, '@scenario_probability': 0.86648286816}
Running cocos.py metal_rnb.txt


Head Concept: metal, Modifier Concept: rnb

Recommended scenario(s):
  - {'love_theme': 0.85, 'slow_jam': 0.8, 'melismatic_vocals': 0.8, 'auto_tune': 0.65, 'romantic_lyrics': 0.8, 'groove_b
assline': 0.7, 'distorted_guitars': 0.9, 'riff': 0.9, 'double_bass': 0.85, 'guitar_solo': 0.8, 'power_chords': 0.75, 'fa
st_tempos': 0.7, 'growl_or_scream': 0.7, 'palm_muting': 0.65, '@scenario_probability': 1.0421372183040003}
Running cocos.py metal_rock.txt


Head Concept: metal, Modifier Concept: rock

Recommended scenario(s):
  - {'distorted_guitars': 0.9, 'riff': 0.9, 'power_chords': 0.75, 'verse_chorus_structure': 0.75, 'guitar_solo': 0.8, 'b
and_setup': 0.7, 'double_bass': 0.85, 'fast_tempos': 0.7, 'growl_or_scream': 0.7, 'palm_muting': 0.65, '@scenario_probab
ility': 1.05215776848}
Running cocos.py metal_trap.txt


Head Concept: metal, Modifier Concept: trap

Recommended scenario(s):
  - {'808': 0.9, 'hi_hat_triplets': 0.85, 'auto_tune': 0.85, 'minimal_beat': 0.75, 'dark_vibe': 0.7, 'flute_loop': 0.7,
'distorted_guitars': 0.9, 'riff': 0.9, 'double_bass': 0.85, 'guitar_solo': 0.8, 'power_chords': 0.75, 'fast_tempos': 0.7
, 'growl_or_scream': 0.7, 'palm_muting': 0.65, '@scenario_probability': 0.15406302324794063}
Running cocos.py pop_country.txt


Head Concept: pop, Modifier Concept: country

Recommended scenario(s):
  - {'twang_vocals': 0.8, 'banjo': 0.7, 'fiddle': 0.7, 'steel_guitar': 0.7, 'folk_influence': 0.7, 'verse_chorus': 0.75,
 'synth_hook': 0.85, 'danceable_groove': 0.8, 'verse_chorus_structure': 0.8, 'radio_friendly_length': 0.7, 'clean_vocals
': 0.75, '@scenario_probability': 1.4400237599999992}
Running cocos.py pop_metal.txt


Head Concept: pop, Modifier Concept: metal

Recommended scenario(s):
  - {'distorted_guitars': 0.9, 'riff': 0.9, 'double_bass': 0.85, 'guitar_solo': 0.8, 'power_chords': 0.75, 'fast_tempos'
: 0.7, 'growl_or_scream': 0.7, 'palm_muting': 0.65, 'moshpit_energy': 0.6, 'synth_hook': 0.85, 'danceable_groove': 0.8,
'verse_chorus_structure': 0.8, 'radio_friendly_length': 0.7, 'clean_vocals': 0.75, '@scenario_probability': 0.7891183263
599999}
Running cocos.py pop_rap.txt


Head Concept: pop, Modifier Concept: rap

Recommended scenario(s):
  - {'flow': 0.9, 'rhyme': 0.9, 'punchline': 0.85, 'storytelling': 0.8, 'wordplay': 0.8, 'boom_bap_drums': 0.75, 'trap_8
08': 0.7, 'autotune': 0.65, 'battle_attitude': 0.65, 'synth_hook': 0.85, 'danceable_groove': 0.8, 'verse_chorus_structur
e': 0.8, 'radio_friendly_length': 0.7, 'clean_vocals': 0.75, '@scenario_probability': 0.39080145686400003}
Running cocos.py pop_reggae.txt


Head Concept: pop, Modifier Concept: reggae

Recommended scenario(s):
  - {'dub_echo': 0.8, 'laid_back': 0.75, 'one_drop_drum': 0.7, 'jamaican_patois': 0.7, 'storytelling': 0.7, 'roots_vibe'
: 0.8, 'synth_hook': 0.85, 'danceable_groove': 0.8, 'verse_chorus_structure': 0.8, 'radio_friendly_length': 0.7, 'clean_
vocals': 0.75, '@scenario_probability': 1.6457414399999997}
Running cocos.py pop_rnb.txt


Head Concept: pop, Modifier Concept: rnb

Recommended scenario(s):
  - {'love_theme': 0.85, 'slow_jam': 0.8, 'melismatic_vocals': 0.8, 'auto_tune': 0.65, 'romantic_lyrics': 0.8, 'groove_b
assline': 0.7, 'synth_hook': 0.85, 'danceable_groove': 0.8, 'verse_chorus_structure': 0.8, 'radio_friendly_length': 0.7,
 'clean_vocals': 0.75, '@scenario_probability': 1.9793679360000005}
Running cocos.py pop_rock.txt


Head Concept: pop, Modifier Concept: rock

Recommended scenario(s):
  - {'distorted_guitars': 0.8, 'riff': 0.85, 'power_chords': 0.8, 'verse_chorus_structure': 0.8, 'guitar_solo': 0.7, 'ba
nd_setup': 0.7, 'synth_hook': 0.85, 'danceable_groove': 0.8, 'radio_friendly_length': 0.7, 'clean_vocals': 0.75, '@scena
rio_probability': 1.9984003200000002}
Running cocos.py pop_trap.txt


Head Concept: pop, Modifier Concept: trap

Recommended scenario(s):
  - {'808': 0.9, 'hi_hat_triplets': 0.85, 'auto_tune': 0.85, 'minimal_beat': 0.75, 'dark_vibe': 0.7, 'flute_loop': 0.7,
'deadpan_flow': 0.65, 'adlibs': 0.65, 'synth_hook': 0.85, 'danceable_groove': 0.8, 'verse_chorus_structure': 0.8, 'radio
_friendly_length': 0.7, 'clean_vocals': 0.75, '@scenario_probability': 1.0092311928562498}
Running cocos.py rap_country.txt


Head Concept: rap, Modifier Concept: country

Recommended scenario(s):
  - {'twang_vocals': 0.8, 'banjo': 0.7, 'fiddle': 0.7, 'steel_guitar': 0.7, 'folk_influence': 0.7, 'verse_chorus': 0.75,
 'flow': 0.9, 'rhyme': 0.9, 'punchline': 0.85, 'storytelling': 0.8, 'wordplay': 0.8, 'boom_bap_drums': 0.75, 'trap_808':
 0.7, 'battle_attitude': 0.65, '@scenario_probability': 0.303269003856}
  - {'twang_vocals': 0.8, 'banjo': 0.7, 'fiddle': 0.7, 'steel_guitar': 0.7, 'folk_influence': 0.7, 'verse_chorus': 0.75,
 'flow': 0.9, 'rhyme': 0.9, 'punchline': 0.85, 'storytelling': 0.8, 'wordplay': 0.8, 'boom_bap_drums': 0.75, 'trap_808':
 0.7, 'autotune': 0.65, '@scenario_probability': 0.303269003856}
Running cocos.py rap_metal.txt


Head Concept: rap, Modifier Concept: metal

Recommended scenario(s):
  - {'distorted_guitars': 0.9, 'riff': 0.9, 'double_bass': 0.85, 'guitar_solo': 0.8, 'power_chords': 0.75, 'fast_tempos'
: 0.7, 'growl_or_scream': 0.7, 'flow': 0.9, 'rhyme': 0.9, 'punchline': 0.85, 'storytelling': 0.8, 'wordplay': 0.8, 'boom
_bap_drums': 0.75, 'trap_808': 0.7, '@scenario_probability': 0.03212318602382399}
Running cocos.py rap_pop.txt


Head Concept: rap, Modifier Concept: pop

Recommended scenario(s):
  - {'synth_hook': 0.85, 'danceable_groove': 0.8, 'verse_chorus_structure': 0.8, 'radio_friendly_length': 0.7, 'autotune
': 0.65, 'clean_vocals': 0.75, 'flow': 0.9, 'rhyme': 0.9, 'punchline': 0.85, 'storytelling': 0.8, 'wordplay': 0.8, 'boom
_bap_drums': 0.75, 'trap_808': 0.7, 'battle_attitude': 0.65, '@scenario_probability': 0.3908014568640001}
Running cocos.py rap_reggae.txt


Head Concept: rap, Modifier Concept: reggae

Recommended scenario(s):
  - {'dub_echo': 0.8, 'laid_back': 0.75, 'one_drop_drum': 0.7, 'jamaican_patois': 0.7, 'storytelling': 0.8, 'roots_vibe'
: 0.8, 'flow': 0.9, 'rhyme': 0.9, 'punchline': 0.85, 'wordplay': 0.8, 'boom_bap_drums': 0.75, 'trap_808': 0.7, 'battle_a
ttitude': 0.65, '@scenario_probability': 0.34659314726400003}
  - {'dub_echo': 0.8, 'laid_back': 0.75, 'one_drop_drum': 0.7, 'jamaican_patois': 0.7, 'storytelling': 0.8, 'roots_vibe'
: 0.8, 'flow': 0.9, 'rhyme': 0.9, 'punchline': 0.85, 'wordplay': 0.8, 'boom_bap_drums': 0.75, 'trap_808': 0.7, 'autotune
': 0.65, '@scenario_probability': 0.34659314726400003}
Running cocos.py rap_rnb.txt


Head Concept: rap, Modifier Concept: rnb

Recommended scenario(s):
  - {'love_theme': 0.85, 'slow_jam': 0.8, 'melismatic_vocals': 0.8, 'auto_tune': 0.65, 'romantic_lyrics': 0.8, 'groove_b
assline': 0.7, 'flow': 0.9, 'rhyme': 0.9, 'punchline': 0.85, 'storytelling': 0.8, 'wordplay': 0.8, 'boom_bap_drums': 0.7
5, 'trap_808': 0.7, 'battle_attitude': 0.65, '@scenario_probability': 0.41685488732160003}
  - {'love_theme': 0.85, 'slow_jam': 0.8, 'melismatic_vocals': 0.8, 'auto_tune': 0.65, 'romantic_lyrics': 0.8, 'groove_b
assline': 0.7, 'flow': 0.9, 'rhyme': 0.9, 'punchline': 0.85, 'storytelling': 0.8, 'wordplay': 0.8, 'boom_bap_drums': 0.7
5, 'trap_808': 0.7, 'autotune': 0.65, '@scenario_probability': 0.41685488732160003}
Running cocos.py rap_rock.txt


Head Concept: rap, Modifier Concept: rock

Recommended scenario(s):
  - {'distorted_guitars': 0.8, 'riff': 0.85, 'power_chords': 0.8, 'verse_chorus_structure': 0.75, 'guitar_solo': 0.7, 'b
and_setup': 0.7, 'flow': 0.9, 'rhyme': 0.9, 'punchline': 0.85, 'storytelling': 0.8, 'wordplay': 0.8, 'boom_bap_drums': 0
.75, 'trap_808': 0.7, 'battle_attitude': 0.65, '@scenario_probability': 0.42086310739200006}
  - {'distorted_guitars': 0.8, 'riff': 0.85, 'power_chords': 0.8, 'verse_chorus_structure': 0.75, 'guitar_solo': 0.7, 'b
and_setup': 0.7, 'flow': 0.9, 'rhyme': 0.9, 'punchline': 0.85, 'storytelling': 0.8, 'wordplay': 0.8, 'boom_bap_drums': 0
.75, 'trap_808': 0.7, 'autotune': 0.65, '@scenario_probability': 0.42086310739200006}
Running cocos.py rap_trap.txt


Head Concept: rap, Modifier Concept: trap

Recommended scenario(s):
  - {'808': 0.9, 'hi_hat_triplets': 0.85, 'auto_tune': 0.85, 'minimal_beat': 0.75, 'dark_vibe': 0.7, 'flute_loop': 0.7,
'flow': 0.9, 'rhyme': 0.9, 'punchline': 0.85, 'storytelling': 0.8, 'wordplay': 0.8, 'boom_bap_drums': 0.75, 'trap_808':
0.7, 'battle_attitude': 0.65, '@scenario_probability': 0.061625209299176247}
  - {'808': 0.9, 'hi_hat_triplets': 0.85, 'auto_tune': 0.85, 'minimal_beat': 0.75, 'dark_vibe': 0.7, 'flute_loop': 0.7,
'flow': 0.9, 'rhyme': 0.9, 'punchline': 0.85, 'storytelling': 0.8, 'wordplay': 0.8, 'boom_bap_drums': 0.75, 'trap_808':
0.7, 'autotune': 0.65, '@scenario_probability': 0.061625209299176247}
Running cocos.py reggae_country.txt


Head Concept: reggae, Modifier Concept: country

Recommended scenario(s):
  - {'twang_vocals': 0.8, 'banjo': 0.7, 'fiddle': 0.7, 'steel_guitar': 0.7, 'folk_influence': 0.7, 'verse_chorus': 0.75,
 'dub_echo': 0.8, 'laid_back': 0.75, 'jamaican_patois': 0.7, 'storytelling': 0.7, 'roots_vibe': 0.8, '@scenario_probabil
ity': 1.0164873599999997}
  - {'twang_vocals': 0.8, 'banjo': 0.7, 'fiddle': 0.7, 'steel_guitar': 0.7, 'folk_influence': 0.7, 'verse_chorus': 0.75,
 'dub_echo': 0.8, 'laid_back': 0.75, 'one_drop_drum': 0.7, 'storytelling': 0.7, 'roots_vibe': 0.8, '@scenario_probabilit
y': 1.0164873599999997}
  - {'twang_vocals': 0.8, 'banjo': 0.7, 'fiddle': 0.7, 'steel_guitar': 0.7, 'folk_influence': 0.7, 'verse_chorus': 0.75,
 'dub_echo': 0.8, 'laid_back': 0.75, 'one_drop_drum': 0.7, 'jamaican_patois': 0.7, 'roots_vibe': 0.8, '@scenario_probabi
lity': 1.0164873599999997}
Running cocos.py reggae_metal.txt


Head Concept: reggae, Modifier Concept: metal

Recommended scenario(s):
  - {'distorted_guitars': 0.9, 'riff': 0.9, 'double_bass': 0.85, 'guitar_solo': 0.8, 'power_chords': 0.75, 'fast_tempos'
: 0.7, 'growl_or_scream': 0.7, 'palm_muting': 0.65, 'moshpit_energy': 0.6, 'dub_echo': 0.8, 'laid_back': 0.75, 'jamaican
_patois': 0.7, 'storytelling': 0.7, 'roots_vibe': 0.8, '@scenario_probability': 0.55702470096}
  - {'distorted_guitars': 0.9, 'riff': 0.9, 'double_bass': 0.85, 'guitar_solo': 0.8, 'power_chords': 0.75, 'fast_tempos'
: 0.7, 'growl_or_scream': 0.7, 'palm_muting': 0.65, 'moshpit_energy': 0.6, 'dub_echo': 0.8, 'laid_back': 0.75, 'one_drop
_drum': 0.7, 'storytelling': 0.7, 'roots_vibe': 0.8, '@scenario_probability': 0.55702470096}
Running cocos.py reggae_pop.txt


Head Concept: reggae, Modifier Concept: pop

Recommended scenario(s):
  - {'synth_hook': 0.85, 'danceable_groove': 0.8, 'verse_chorus_structure': 0.8, 'radio_friendly_length': 0.7, 'autotune
': 0.65, 'clean_vocals': 0.75, 'dub_echo': 0.8, 'laid_back': 0.75, 'jamaican_patois': 0.7, 'storytelling': 0.7, 'roots_v
ibe': 0.8, '@scenario_probability': 1.3098758400000001}
  - {'synth_hook': 0.85, 'danceable_groove': 0.8, 'verse_chorus_structure': 0.8, 'radio_friendly_length': 0.7, 'autotune
': 0.65, 'clean_vocals': 0.75, 'dub_echo': 0.8, 'laid_back': 0.75, 'one_drop_drum': 0.7, 'storytelling': 0.7, 'roots_vib
e': 0.8, '@scenario_probability': 1.3098758400000001}
  - {'synth_hook': 0.85, 'danceable_groove': 0.8, 'verse_chorus_structure': 0.8, 'radio_friendly_length': 0.7, 'autotune
': 0.65, 'clean_vocals': 0.75, 'dub_echo': 0.8, 'laid_back': 0.75, 'one_drop_drum': 0.7, 'jamaican_patois': 0.7, 'roots_
vibe': 0.8, '@scenario_probability': 1.3098758400000001}
Running cocos.py reggae_rap.txt


Head Concept: reggae, Modifier Concept: rap

Recommended scenario(s):
  - {'flow': 0.9, 'rhyme': 0.9, 'punchline': 0.85, 'storytelling': 0.7, 'wordplay': 0.8, 'boom_bap_drums': 0.75, 'trap_8
08': 0.7, 'autotune': 0.65, 'battle_attitude': 0.65, 'dub_echo': 0.8, 'laid_back': 0.75, 'jamaican_patois': 0.7, 'roots_
vibe': 0.8, '@scenario_probability': 0.2758598519040001}
  - {'flow': 0.9, 'rhyme': 0.9, 'punchline': 0.85, 'storytelling': 0.7, 'wordplay': 0.8, 'boom_bap_drums': 0.75, 'trap_8
08': 0.7, 'autotune': 0.65, 'battle_attitude': 0.65, 'dub_echo': 0.8, 'laid_back': 0.75, 'one_drop_drum': 0.7, 'roots_vi
be': 0.8, '@scenario_probability': 0.2758598519040001}
  - {'flow': 0.9, 'rhyme': 0.9, 'punchline': 0.85, 'storytelling': 0.8, 'wordplay': 0.8, 'boom_bap_drums': 0.75, 'trap_8
08': 0.7, 'autotune': 0.65, 'battle_attitude': 0.65, 'dub_echo': 0.8, 'laid_back': 0.75, 'one_drop_drum': 0.7, 'jamaican
_patois': 0.7, 'roots_vibe': 0.8, '@scenario_probability': 0.2758598519040001}
Running cocos.py reggae_rnb.txt


Head Concept: reggae, Modifier Concept: rnb

Recommended scenario(s):
  - {'love_theme': 0.85, 'slow_jam': 0.8, 'melismatic_vocals': 0.8, 'auto_tune': 0.65, 'romantic_lyrics': 0.8, 'groove_b
assline': 0.7, 'dub_echo': 0.8, 'laid_back': 0.75, 'jamaican_patois': 0.7, 'storytelling': 0.7, 'roots_vibe': 0.8, '@sce
nario_probability': 1.3972008960000006}
  - {'love_theme': 0.85, 'slow_jam': 0.8, 'melismatic_vocals': 0.8, 'auto_tune': 0.65, 'romantic_lyrics': 0.8, 'groove_b
assline': 0.7, 'dub_echo': 0.8, 'laid_back': 0.75, 'one_drop_drum': 0.7, 'storytelling': 0.7, 'roots_vibe': 0.8, '@scena
rio_probability': 1.3972008960000006}
  - {'love_theme': 0.85, 'slow_jam': 0.8, 'melismatic_vocals': 0.8, 'auto_tune': 0.65, 'romantic_lyrics': 0.8, 'groove_b
assline': 0.7, 'dub_echo': 0.8, 'laid_back': 0.75, 'one_drop_drum': 0.7, 'jamaican_patois': 0.7, 'roots_vibe': 0.8, '@sc
enario_probability': 1.3972008960000006}
Running cocos.py reggae_rock.txt


Head Concept: reggae, Modifier Concept: rock

Recommended scenario(s):
  - {'distorted_guitars': 0.8, 'riff': 0.85, 'power_chords': 0.8, 'verse_chorus_structure': 0.75, 'guitar_solo': 0.7, 'b
and_setup': 0.7, 'dub_echo': 0.8, 'laid_back': 0.75, 'jamaican_patois': 0.7, 'storytelling': 0.7, 'roots_vibe': 0.8, '@s
cenario_probability': 1.4106355200000003}
  - {'distorted_guitars': 0.8, 'riff': 0.85, 'power_chords': 0.8, 'verse_chorus_structure': 0.75, 'guitar_solo': 0.7, 'b
and_setup': 0.7, 'dub_echo': 0.8, 'laid_back': 0.75, 'one_drop_drum': 0.7, 'storytelling': 0.7, 'roots_vibe': 0.8, '@sce
nario_probability': 1.4106355200000003}
  - {'distorted_guitars': 0.8, 'riff': 0.85, 'power_chords': 0.8, 'verse_chorus_structure': 0.75, 'guitar_solo': 0.7, 'b
and_setup': 0.7, 'dub_echo': 0.8, 'laid_back': 0.75, 'one_drop_drum': 0.7, 'jamaican_patois': 0.7, 'roots_vibe': 0.8, '@
scenario_probability': 1.4106355200000003}
Running cocos.py reggae_trap.txt


Head Concept: reggae, Modifier Concept: trap

Recommended scenario(s):
  - {'808': 0.9, 'hi_hat_triplets': 0.85, 'auto_tune': 0.85, 'minimal_beat': 0.75, 'dark_vibe': 0.7, 'flute_loop': 0.7,
'deadpan_flow': 0.65, 'adlibs': 0.65, 'dub_echo': 0.8, 'laid_back': 0.75, 'jamaican_patois': 0.7, 'storytelling': 0.7, '
roots_vibe': 0.8, '@scenario_probability': 0.7123984890749999}
  - {'808': 0.9, 'hi_hat_triplets': 0.85, 'auto_tune': 0.85, 'minimal_beat': 0.75, 'dark_vibe': 0.7, 'flute_loop': 0.7,
'deadpan_flow': 0.65, 'adlibs': 0.65, 'dub_echo': 0.8, 'laid_back': 0.75, 'one_drop_drum': 0.7, 'storytelling': 0.7, 'ro
ots_vibe': 0.8, '@scenario_probability': 0.7123984890749999}
  - {'808': 0.9, 'hi_hat_triplets': 0.85, 'auto_tune': 0.85, 'minimal_beat': 0.75, 'dark_vibe': 0.7, 'flute_loop': 0.7,
'deadpan_flow': 0.65, 'adlibs': 0.65, 'dub_echo': 0.8, 'laid_back': 0.75, 'one_drop_drum': 0.7, 'jamaican_patois': 0.7,
'roots_vibe': 0.8, '@scenario_probability': 0.7123984890749999}
Running cocos.py rnb_country.txt


Head Concept: rnb, Modifier Concept: country

Recommended scenario(s):
  - {'twang_vocals': 0.8, 'banjo': 0.7, 'fiddle': 0.7, 'steel_guitar': 0.7, 'folk_influence': 0.7, 'verse_chorus': 0.75,
 'love_theme': 0.85, 'slow_jam': 0.8, 'melismatic_vocals': 0.8, 'romantic_lyrics': 0.8, 'groove_bassline': 0.7, '@scenar
io_probability': 1.5360253439999993}
Running cocos.py rnb_metal.txt


Head Concept: rnb, Modifier Concept: metal

Recommended scenario(s):
  - {'distorted_guitars': 0.9, 'riff': 0.9, 'double_bass': 0.85, 'guitar_solo': 0.8, 'power_chords': 0.75, 'fast_tempos'
: 0.7, 'growl_or_scream': 0.7, 'palm_muting': 0.65, 'moshpit_energy': 0.6, 'love_theme': 0.85, 'slow_jam': 0.8, 'melisma
tic_vocals': 0.8, 'romantic_lyrics': 0.8, 'groove_bassline': 0.7, '@scenario_probability': 0.841726214784}
Running cocos.py rnb_pop.txt


Head Concept: rnb, Modifier Concept: pop

Recommended scenario(s):
  - {'synth_hook': 0.85, 'danceable_groove': 0.8, 'verse_chorus_structure': 0.8, 'radio_friendly_length': 0.7, 'autotune
': 0.65, 'clean_vocals': 0.75, 'love_theme': 0.85, 'slow_jam': 0.8, 'melismatic_vocals': 0.8, 'romantic_lyrics': 0.8, 'g
roove_bassline': 0.7, '@scenario_probability': 1.9793679359999998}
Running cocos.py rnb_rap.txt


Head Concept: rnb, Modifier Concept: rap

Recommended scenario(s):
  - {'flow': 0.9, 'rhyme': 0.9, 'punchline': 0.85, 'storytelling': 0.8, 'wordplay': 0.8, 'boom_bap_drums': 0.75, 'trap_8
08': 0.7, 'autotune': 0.65, 'battle_attitude': 0.65, 'love_theme': 0.85, 'slow_jam': 0.8, 'melismatic_vocals': 0.8, 'rom
antic_lyrics': 0.8, 'groove_bassline': 0.7, '@scenario_probability': 0.4168548873216}
Running cocos.py rnb_reggae.txt


Head Concept: rnb, Modifier Concept: reggae

Recommended scenario(s):
  - {'dub_echo': 0.8, 'laid_back': 0.75, 'one_drop_drum': 0.7, 'jamaican_patois': 0.7, 'storytelling': 0.7, 'roots_vibe'
: 0.8, 'love_theme': 0.85, 'slow_jam': 0.8, 'melismatic_vocals': 0.8, 'romantic_lyrics': 0.8, 'groove_bassline': 0.7, '@
scenario_probability': 1.755457536}
Running cocos.py rnb_rock.txt


Head Concept: rnb, Modifier Concept: rock

Recommended scenario(s):
  - {'distorted_guitars': 0.8, 'riff': 0.85, 'power_chords': 0.8, 'verse_chorus_structure': 0.75, 'guitar_solo': 0.7, 'b
and_setup': 0.7, 'love_theme': 0.85, 'slow_jam': 0.8, 'melismatic_vocals': 0.8, 'romantic_lyrics': 0.8, 'groove_bassline
': 0.7, '@scenario_probability': 2.131627008}
Running cocos.py rnb_trap.txt


Head Concept: rnb, Modifier Concept: trap

Recommended scenario(s):
  - {'808': 0.9, 'hi_hat_triplets': 0.85, 'auto_tune': 0.85, 'minimal_beat': 0.75, 'dark_vibe': 0.7, 'flute_loop': 0.7,
'deadpan_flow': 0.65, 'adlibs': 0.65, 'love_theme': 0.85, 'slow_jam': 0.8, 'melismatic_vocals': 0.8, 'romantic_lyrics':
0.8, 'groove_bassline': 0.7, '@scenario_probability': 1.0765132723799997}
Running cocos.py rock_country.txt


Head Concept: rock, Modifier Concept: country

Recommended scenario(s):
  - {'twang_vocals': 0.8, 'banjo': 0.7, 'fiddle': 0.7, 'steel_guitar': 0.7, 'folk_influence': 0.7, 'verse_chorus': 0.75,
 'distorted_guitars': 0.8, 'riff': 0.85, 'power_chords': 0.8, 'verse_chorus_structure': 0.75, 'guitar_solo': 0.7, '@scen
ario_probability': 1.23430608}
Running cocos.py rock_metal.txt


Head Concept: rock, Modifier Concept: metal

Recommended scenario(s):
  - {'distorted_guitars': 0.8, 'riff': 0.85, 'double_bass': 0.85, 'guitar_solo': 0.8, 'power_chords': 0.8, 'fast_tempos'
: 0.7, 'growl_or_scream': 0.7, 'palm_muting': 0.65, 'moshpit_energy': 0.6, 'verse_chorus_structure': 0.75, 'band_setup':
 0.7, '@scenario_probability': 0.6763871368800001}
Running cocos.py rock_pop.txt


Head Concept: rock, Modifier Concept: pop

Recommended scenario(s):
  - {'synth_hook': 0.85, 'danceable_groove': 0.8, 'verse_chorus_structure': 0.75, 'radio_friendly_length': 0.7, 'autotun
e': 0.65, 'clean_vocals': 0.75, 'distorted_guitars': 0.8, 'riff': 0.85, 'power_chords': 0.8, 'band_setup': 0.7, '@scenar
io_probability': 1.5905635200000001}
  - {'synth_hook': 0.85, 'danceable_groove': 0.8, 'verse_chorus_structure': 0.75, 'radio_friendly_length': 0.7, 'autotun
e': 0.65, 'clean_vocals': 0.75, 'distorted_guitars': 0.8, 'riff': 0.85, 'power_chords': 0.8, 'guitar_solo': 0.7, '@scena
rio_probability': 1.5905635200000001}
Running cocos.py rock_rap.txt


Head Concept: rock, Modifier Concept: rap

Recommended scenario(s):
  - {'flow': 0.9, 'rhyme': 0.9, 'punchline': 0.85, 'storytelling': 0.8, 'wordplay': 0.8, 'boom_bap_drums': 0.75, 'trap_8
08': 0.7, 'autotune': 0.65, 'battle_attitude': 0.65, 'distorted_guitars': 0.8, 'riff': 0.85, 'power_chords': 0.8, 'verse
_chorus_structure': 0.75, 'band_setup': 0.7, '@scenario_probability': 0.3349726773120001}
  - {'flow': 0.9, 'rhyme': 0.9, 'punchline': 0.85, 'storytelling': 0.8, 'wordplay': 0.8, 'boom_bap_drums': 0.75, 'trap_8
08': 0.7, 'autotune': 0.65, 'battle_attitude': 0.65, 'distorted_guitars': 0.8, 'riff': 0.85, 'power_chords': 0.8, 'verse
_chorus_structure': 0.75, 'guitar_solo': 0.7, '@scenario_probability': 0.3349726773120001}
Running cocos.py rock_reggae.txt


Head Concept: rock, Modifier Concept: reggae

Recommended scenario(s):
  - {'dub_echo': 0.8, 'laid_back': 0.75, 'one_drop_drum': 0.7, 'jamaican_patois': 0.7, 'storytelling': 0.7, 'roots_vibe'
: 0.8, 'distorted_guitars': 0.8, 'riff': 0.85, 'power_chords': 0.8, 'verse_chorus_structure': 0.75, 'band_setup': 0.7, '
@scenario_probability': 1.4106355200000003}
  - {'dub_echo': 0.8, 'laid_back': 0.75, 'one_drop_drum': 0.7, 'jamaican_patois': 0.7, 'storytelling': 0.7, 'roots_vibe'
: 0.8, 'distorted_guitars': 0.8, 'riff': 0.85, 'power_chords': 0.8, 'verse_chorus_structure': 0.75, 'guitar_solo': 0.7,
'@scenario_probability': 1.4106355200000003}
Running cocos.py rock_rnb.txt


Head Concept: rock, Modifier Concept: rnb

Recommended scenario(s):
  - {'love_theme': 0.85, 'slow_jam': 0.8, 'melismatic_vocals': 0.8, 'auto_tune': 0.65, 'romantic_lyrics': 0.8, 'groove_b
assline': 0.7, 'distorted_guitars': 0.8, 'riff': 0.85, 'power_chords': 0.8, 'verse_chorus_structure': 0.75, 'band_setup'
: 0.7, '@scenario_probability': 1.6966010880000006}
  - {'love_theme': 0.85, 'slow_jam': 0.8, 'melismatic_vocals': 0.8, 'auto_tune': 0.65, 'romantic_lyrics': 0.8, 'groove_b
assline': 0.7, 'distorted_guitars': 0.8, 'riff': 0.85, 'power_chords': 0.8, 'verse_chorus_structure': 0.75, 'guitar_solo
': 0.7, '@scenario_probability': 1.6966010880000006}
Running cocos.py rock_trap.txt


Head Concept: rock, Modifier Concept: trap

Recommended scenario(s):
  - {'808': 0.9, 'hi_hat_triplets': 0.85, 'auto_tune': 0.85, 'minimal_beat': 0.75, 'dark_vibe': 0.7, 'flute_loop': 0.7,
'deadpan_flow': 0.65, 'adlibs': 0.65, 'distorted_guitars': 0.8, 'riff': 0.85, 'power_chords': 0.8, 'verse_chorus_structu
re': 0.75, 'band_setup': 0.7, '@scenario_probability': 0.8650553081625}
  - {'808': 0.9, 'hi_hat_triplets': 0.85, 'auto_tune': 0.85, 'minimal_beat': 0.75, 'dark_vibe': 0.7, 'flute_loop': 0.7,
'deadpan_flow': 0.65, 'adlibs': 0.65, 'distorted_guitars': 0.8, 'riff': 0.85, 'power_chords': 0.8, 'verse_chorus_structu
re': 0.75, 'guitar_solo': 0.7, '@scenario_probability': 0.8650553081625}
Running cocos.py trap_country.txt


Head Concept: trap, Modifier Concept: country

Recommended scenario(s):
  - {'twang_vocals': 0.8, 'banjo': 0.7, 'fiddle': 0.7, 'steel_guitar': 0.7, 'folk_influence': 0.7, 'verse_chorus': 0.75,
 '808': 0.9, 'hi_hat_triplets': 0.85, 'auto_tune': 0.85, 'minimal_beat': 0.75, 'dark_vibe': 0.7, 'flute_loop': 0.7, 'adl
ibs': 0.65, '@scenario_probability': 0.7831816722843745}
  - {'twang_vocals': 0.8, 'banjo': 0.7, 'fiddle': 0.7, 'steel_guitar': 0.7, 'folk_influence': 0.7, 'verse_chorus': 0.75,
 '808': 0.9, 'hi_hat_triplets': 0.85, 'auto_tune': 0.85, 'minimal_beat': 0.75, 'dark_vibe': 0.7, 'flute_loop': 0.7, 'dea
dpan_flow': 0.65, '@scenario_probability': 0.7831816722843745}
Running cocos.py trap_metal.txt


Head Concept: trap, Modifier Concept: metal

Recommended scenario(s):
  - {'distorted_guitars': 0.9, 'riff': 0.9, 'double_bass': 0.85, 'guitar_solo': 0.8, 'power_chords': 0.75, 'fast_tempos'
: 0.7, 'growl_or_scream': 0.7, '808': 0.9, 'hi_hat_triplets': 0.85, 'auto_tune': 0.85, 'minimal_beat': 0.75, 'dark_vibe'
: 0.7, 'flute_loop': 0.7, 'adlibs': 0.65, '@scenario_probability': 0.1540630232479406}
  - {'distorted_guitars': 0.9, 'riff': 0.9, 'double_bass': 0.85, 'guitar_solo': 0.8, 'power_chords': 0.75, 'fast_tempos'
: 0.7, 'growl_or_scream': 0.7, '808': 0.9, 'hi_hat_triplets': 0.85, 'auto_tune': 0.85, 'minimal_beat': 0.75, 'dark_vibe'
: 0.7, 'flute_loop': 0.7, 'deadpan_flow': 0.65, '@scenario_probability': 0.1540630232479406}
Running cocos.py trap_pop.txt


Head Concept: trap, Modifier Concept: pop

Recommended scenario(s):
  - {'synth_hook': 0.85, 'danceable_groove': 0.8, 'verse_chorus_structure': 0.8, 'radio_friendly_length': 0.7, 'autotune
': 0.65, 'clean_vocals': 0.75, '808': 0.9, 'hi_hat_triplets': 0.85, 'auto_tune': 0.85, 'minimal_beat': 0.75, 'dark_vibe'
: 0.7, 'flute_loop': 0.7, 'deadpan_flow': 0.65, '@scenario_probability': 1.0092311928562498}
Running cocos.py trap_rap.txt


Head Concept: trap, Modifier Concept: rap

Recommended scenario(s):
  - {'flow': 0.9, 'rhyme': 0.9, 'punchline': 0.85, 'storytelling': 0.8, 'wordplay': 0.8, 'boom_bap_drums': 0.75, 'trap_8
08': 0.7, '808': 0.9, 'hi_hat_triplets': 0.85, 'auto_tune': 0.85, 'minimal_beat': 0.75, 'dark_vibe': 0.7, 'flute_loop':
0.7, 'adlibs': 0.65, '@scenario_probability': 0.06162520929917624}
  - {'flow': 0.9, 'rhyme': 0.9, 'punchline': 0.85, 'storytelling': 0.8, 'wordplay': 0.8, 'boom_bap_drums': 0.75, 'trap_8
08': 0.7, '808': 0.9, 'hi_hat_triplets': 0.85, 'auto_tune': 0.85, 'minimal_beat': 0.75, 'dark_vibe': 0.7, 'flute_loop':
0.7, 'deadpan_flow': 0.65, '@scenario_probability': 0.06162520929917624}
Running cocos.py trap_reggae.txt


Head Concept: trap, Modifier Concept: reggae

Recommended scenario(s):
  - {'dub_echo': 0.8, 'laid_back': 0.75, 'one_drop_drum': 0.7, 'jamaican_patois': 0.7, 'storytelling': 0.7, 'roots_vibe'
: 0.8, '808': 0.9, 'hi_hat_triplets': 0.85, 'auto_tune': 0.85, 'minimal_beat': 0.75, 'dark_vibe': 0.7, 'flute_loop': 0.7
, 'adlibs': 0.65, '@scenario_probability': 0.8950647683249999}
Running cocos.py trap_rnb.txt


Head Concept: trap, Modifier Concept: rnb

Recommended scenario(s):
  - {'love_theme': 0.85, 'slow_jam': 0.8, 'melismatic_vocals': 0.8, 'auto_tune': 0.85, 'romantic_lyrics': 0.8, 'groove_b
assline': 0.7, '808': 0.9, 'hi_hat_triplets': 0.85, 'minimal_beat': 0.75, 'dark_vibe': 0.7, 'flute_loop': 0.7, 'adlibs':
 0.65, '@scenario_probability': 1.07651327238}
  - {'love_theme': 0.85, 'slow_jam': 0.8, 'melismatic_vocals': 0.8, 'auto_tune': 0.85, 'romantic_lyrics': 0.8, 'groove_b
assline': 0.7, '808': 0.9, 'hi_hat_triplets': 0.85, 'minimal_beat': 0.75, 'dark_vibe': 0.7, 'flute_loop': 0.7, 'deadpan_
flow': 0.65, '@scenario_probability': 1.07651327238}
Running cocos.py trap_rock.txt


Head Concept: trap, Modifier Concept: rock

Recommended scenario(s):
  - {'distorted_guitars': 0.8, 'riff': 0.85, 'power_chords': 0.8, 'verse_chorus_structure': 0.75, 'guitar_solo': 0.7, 'b
and_setup': 0.7, '808': 0.9, 'hi_hat_triplets': 0.85, 'auto_tune': 0.85, 'minimal_beat': 0.75, 'dark_vibe': 0.7, 'flute_
loop': 0.7, 'deadpan_flow': 0.65, '@scenario_probability': 1.0868643615375}

--- 5.6 RECOMMENDER (Classificatore/Recommender.py sui prototipi validi) ---
Running Recommender on country_metal.txt

Recommendation for category: C:\Users\Utente\Desktop\DEGARI-Music2.0\Sistema di raccomandazione\prototipi_music\country_
metal.txt

Category prototype:

[('acoustic_guitar', True),
 ('storytelling', True),
 ('electric_guitar', False),
 ('acoustic_drums', False)]
[]

Recommended artworks:


metal_001-1.2
        metal_001 - Master of Puppets
        \-> matches: ['electric_guitar', 'acoustic_drums']

metal_002-1.2
        metal_002 - Painkiller
        \-> matches: ['electric_guitar', 'acoustic_drums']

metal_003-1.2
        metal_003 - Paranoid
        \-> matches: ['electric_guitar', 'acoustic_drums']

metal_004-1.2
        metal_004 - Enter Sandman
        \-> matches: ['electric_guitar', 'acoustic_drums']

rock_001-1.2
        rock_001 - Smells Like Teen Spirit
        \-> matches: ['electric_guitar', 'acoustic_drums']

rock_002-1.2
        rock_002 - Back in Black
        \-> matches: ['electric_guitar', 'acoustic_drums']

rock_003-1.2
        rock_003 - Seven Nation Army
        \-> matches: ['electric_guitar', 'acoustic_drums']

rock_004-1.2
        rock_004 - Come as You Are
        \-> matches: ['electric_guitar', 'acoustic_drums']

country_001-1.2
        country_001 - Jolene
        \-> matches: ['acoustic_guitar', 'storytelling']

country_002-1.2
        country_002 - Take Me Home, Country Roads
        \-> matches: ['acoustic_guitar', 'storytelling']

country_003-1.2
        country_003 - Friends in Low Places
        \-> matches: ['acoustic_guitar', 'storytelling']

rap_002-0.9
        rap_002 - Juicy
        \-> matches: ['storytelling']

pop_003-0.9
        pop_003 - Shape of You
        \-> matches: ['acoustic_guitar']

rap_001-0.6
        rap_001 - Lose Yourself
        \-> matches: ['storytelling']

rap_003-0.6
        rap_003 - C.R.E.A.M.
        \-> matches: ['storytelling']

rap_005-0.6
        rap_005 - Mockingbird
        \-> matches: ['storytelling']

reggae_001-0.6
        reggae_001 - No Woman No Cry
        \-> matches: ['electric_guitar']

reggae_002-0.6
        reggae_002 - Buffalo Soldier
        \-> matches: ['storytelling']

rnb_002-0.6
        rnb_002 - Irreplaceable
        \-> matches: ['acoustic_guitar']

Classified 19 of 46 contents (41.30434782608695%)
Running Recommender on country_pop.txt

Recommendation for category: C:\Users\Utente\Desktop\DEGARI-Music2.0\Sistema di raccomandazione\prototipi_music\country_
pop.txt

Category prototype:

[('acoustic_guitar', True), ('storytelling', True), ('catchy_chorus', False)]
[]

Recommended artworks:


rap_002-1.8
        rap_002 - Juicy
        \-> matches: ['storytelling', 'catchy_chorus']

pop_003-1.8
        pop_003 - Shape of You
        \-> matches: ['acoustic_guitar', 'catchy_chorus']

country_001-1.7999999999999998
        country_001 - Jolene
        \-> matches: ['acoustic_guitar', 'storytelling', 'catchy_chorus']

country_002-1.7999999999999998
        country_002 - Take Me Home, Country Roads
        \-> matches: ['acoustic_guitar', 'storytelling', 'catchy_chorus']

country_003-1.7999999999999998
        country_003 - Friends in Low Places
        \-> matches: ['acoustic_guitar', 'storytelling', 'catchy_chorus']

rap_001-1.2
        rap_001 - Lose Yourself
        \-> matches: ['storytelling', 'catchy_chorus']

rap_003-1.2
        rap_003 - C.R.E.A.M.
        \-> matches: ['storytelling', 'catchy_chorus']

reggae_002-1.2
        reggae_002 - Buffalo Soldier
        \-> matches: ['storytelling', 'catchy_chorus']

rnb_002-1.2
        rnb_002 - Irreplaceable
        \-> matches: ['acoustic_guitar', 'catchy_chorus']

rnb_003-0.9
        rnb_003 - The Hills
        \-> matches: ['catchy_chorus']

rap_004-0.6
        rap_004 - Rap God
        \-> matches: ['catchy_chorus']

rap_005-0.6
        rap_005 - Mockingbird
        \-> matches: ['storytelling']

metal_001-0.6
        metal_001 - Master of Puppets
        \-> matches: ['catchy_chorus']

metal_002-0.6
        metal_002 - Painkiller
        \-> matches: ['catchy_chorus']

metal_003-0.6
        metal_003 - Paranoid
        \-> matches: ['catchy_chorus']

metal_004-0.6
        metal_004 - Enter Sandman
        \-> matches: ['catchy_chorus']

rock_001-0.6
        rock_001 - Smells Like Teen Spirit
        \-> matches: ['catchy_chorus']

rock_002-0.6
        rock_002 - Back in Black
        \-> matches: ['catchy_chorus']

rock_003-0.6
        rock_003 - Seven Nation Army
        \-> matches: ['catchy_chorus']

pop_001-0.6
        pop_001 - Blinding Lights
        \-> matches: ['catchy_chorus']

pop_002-0.6
        pop_002 - Bad Romance
        \-> matches: ['catchy_chorus']

trap_001-0.6
        trap_001 - Highest in the Room
        \-> matches: ['catchy_chorus']

trap_002-0.6
        trap_002 - Mask Off
        \-> matches: ['catchy_chorus']

trap_003-0.6
        trap_003 - Bank Account
        \-> matches: ['catchy_chorus']

reggae_001-0.6
        reggae_001 - No Woman No Cry
        \-> matches: ['catchy_chorus']

reggae_003-0.6
        reggae_003 - Sweat (A La La La La Long)
        \-> matches: ['catchy_chorus']

rnb_001-0.6
        rnb_001 - No Scrubs
        \-> matches: ['catchy_chorus']

trap_future_mask-off-0.6
        trap_future_mask-off - Mask Off
        \-> matches: ['catchy_chorus']

metal_judas-prie_painkiller-0.6
        metal_judas-prie_painkiller - Painkiller
        \-> matches: ['catchy_chorus']

rock_ac-dc_t-n-t-0.6
        rock_ac-dc_t-n-t - T.N.T.
        \-> matches: ['catchy_chorus']

pop_lady-gaga_shallow-0.6
        pop_lady-gaga_shallow - Shallow
        \-> matches: ['catchy_chorus']

reggae_bob-marley_one-love-0.6
        reggae_bob-marley_one-love - One Love
        \-> matches: ['catchy_chorus']

reggae_inner-circ_bad-boys-0.6
        reggae_inner-circ_bad-boys - Bad Boys
        \-> matches: ['catchy_chorus']

rnb_tlc_no-scrubs-with-r-0.6
        rnb_tlc_no-scrubs-with-r - No Scrubs (With Rap)
        \-> matches: ['catchy_chorus']

country_john-denve_take-me-home-cou-0.6
        country_john-denve_take-me-home-cou - Take Me Home, Country Roads
        \-> matches: ['catchy_chorus']

country_dolly-part_jolene-0.6
        country_dolly-part_jolene - Jolene
        \-> matches: ['catchy_chorus']

rock_nirvana_smells-like-teen-0.6
        rock_nirvana_smells-like-teen - Smells Like Teen Spirit
        \-> matches: ['catchy_chorus']

Classified 37 of 46 contents (80.43478260869566%)
Running Recommender on country_rap.txt

Recommendation for category: C:\Users\Utente\Desktop\DEGARI-Music2.0\Sistema di raccomandazione\prototipi_music\country_
rap.txt

Category prototype:

[('acoustic_guitar', True),
 ('storytelling', True),
 ('spoken_or_rap_vocals', False)]
[]

Recommended artworks:


rap_005-1.2
        rap_005 - Mockingbird
        \-> matches: ['storytelling', 'spoken_or_rap_vocals']

country_001-1.2
        country_001 - Jolene
        \-> matches: ['acoustic_guitar', 'storytelling']

country_002-1.2
        country_002 - Take Me Home, Country Roads
        \-> matches: ['acoustic_guitar', 'storytelling']

country_003-1.2
        country_003 - Friends in Low Places
        \-> matches: ['acoustic_guitar', 'storytelling']

rap_002-0.9
        rap_002 - Juicy
        \-> matches: ['storytelling']

rap_006-0.9
        rap_006 - HUMBLE.
        \-> matches: ['spoken_or_rap_vocals']

pop_003-0.9
        pop_003 - Shape of You
        \-> matches: ['acoustic_guitar']

rap_001-0.6
        rap_001 - Lose Yourself
        \-> matches: ['storytelling']

rap_003-0.6
        rap_003 - C.R.E.A.M.
        \-> matches: ['storytelling']

rap_004-0.6
        rap_004 - Rap God
        \-> matches: ['spoken_or_rap_vocals']

trap_004-0.6
        trap_004 - SICKO MODE
        \-> matches: ['spoken_or_rap_vocals']

reggae_002-0.6
        reggae_002 - Buffalo Soldier
        \-> matches: ['storytelling']

rnb_002-0.6
        rnb_002 - Irreplaceable
        \-> matches: ['acoustic_guitar']

Classified 13 of 46 contents (28.26086956521739%)
Running Recommender on country_reggae.txt

Recommendation for category: C:\Users\Utente\Desktop\DEGARI-Music2.0\Sistema di raccomandazione\prototipi_music\country_
reggae.txt

Category prototype:

[('acoustic_guitar', True),
 ('storytelling', True),
 ('offbeat_rhythm', False),
 ('bassline', False)]
[]

Recommended artworks:


country_001-1.2
        country_001 - Jolene
        \-> matches: ['acoustic_guitar', 'storytelling']

country_002-1.2
        country_002 - Take Me Home, Country Roads
        \-> matches: ['acoustic_guitar', 'storytelling']

country_003-1.2
        country_003 - Friends in Low Places
        \-> matches: ['acoustic_guitar', 'storytelling']

rap_002-0.9
        rap_002 - Juicy
        \-> matches: ['storytelling']

pop_003-0.9
        pop_003 - Shape of You
        \-> matches: ['acoustic_guitar']

rap_001-0.6
        rap_001 - Lose Yourself
        \-> matches: ['storytelling']

rap_003-0.6
        rap_003 - C.R.E.A.M.
        \-> matches: ['storytelling']

rap_005-0.6
        rap_005 - Mockingbird
        \-> matches: ['storytelling']

reggae_001-0.6
        reggae_001 - No Woman No Cry
        \-> matches: ['offbeat_rhythm']

reggae_002-0.6
        reggae_002 - Buffalo Soldier
        \-> matches: ['storytelling']

reggae_003-0.6
        reggae_003 - Sweat (A La La La La Long)
        \-> matches: ['offbeat_rhythm']

rnb_002-0.6
        rnb_002 - Irreplaceable
        \-> matches: ['acoustic_guitar']

Classified 12 of 46 contents (26.08695652173913%)
Running Recommender on country_rnb.txt

Recommendation for category: C:\Users\Utente\Desktop\DEGARI-Music2.0\Sistema di raccomandazione\prototipi_music\country_
rnb.txt

Category prototype:

[('acoustic_guitar', True), ('storytelling', True), ('smooth_vocals', False)]
[]

Recommended artworks:


rnb_002-1.2
        rnb_002 - Irreplaceable
        \-> matches: ['acoustic_guitar', 'smooth_vocals']

country_001-1.2
        country_001 - Jolene
        \-> matches: ['acoustic_guitar', 'storytelling']

country_002-1.2
        country_002 - Take Me Home, Country Roads
        \-> matches: ['acoustic_guitar', 'storytelling']

country_003-1.2
        country_003 - Friends in Low Places
        \-> matches: ['acoustic_guitar', 'storytelling']

rap_002-0.9
        rap_002 - Juicy
        \-> matches: ['storytelling']

pop_003-0.9
        pop_003 - Shape of You
        \-> matches: ['acoustic_guitar']

rap_001-0.6
        rap_001 - Lose Yourself
        \-> matches: ['storytelling']

rap_003-0.6
        rap_003 - C.R.E.A.M.
        \-> matches: ['storytelling']

rap_005-0.6
        rap_005 - Mockingbird
        \-> matches: ['storytelling']

reggae_002-0.6
        reggae_002 - Buffalo Soldier
        \-> matches: ['storytelling']

rnb_001-0.6
        rnb_001 - No Scrubs
        \-> matches: ['smooth_vocals']

Classified 11 of 46 contents (23.91304347826087%)
Running Recommender on country_rock.txt

Recommendation for category: C:\Users\Utente\Desktop\DEGARI-Music2.0\Sistema di raccomandazione\prototipi_music\country_
rock.txt

Category prototype:

[('acoustic_guitar', True),
 ('storytelling', True),
 ('electric_guitar', False),
 ('acoustic_drums', False)]
[]

Recommended artworks:


metal_001-1.2
        metal_001 - Master of Puppets
        \-> matches: ['electric_guitar', 'acoustic_drums']

metal_002-1.2
        metal_002 - Painkiller
        \-> matches: ['electric_guitar', 'acoustic_drums']

metal_003-1.2
        metal_003 - Paranoid
        \-> matches: ['electric_guitar', 'acoustic_drums']

metal_004-1.2
        metal_004 - Enter Sandman
        \-> matches: ['electric_guitar', 'acoustic_drums']

rock_001-1.2
        rock_001 - Smells Like Teen Spirit
        \-> matches: ['electric_guitar', 'acoustic_drums']

rock_002-1.2
        rock_002 - Back in Black
        \-> matches: ['electric_guitar', 'acoustic_drums']

rock_003-1.2
        rock_003 - Seven Nation Army
        \-> matches: ['electric_guitar', 'acoustic_drums']

rock_004-1.2
        rock_004 - Come as You Are
        \-> matches: ['electric_guitar', 'acoustic_drums']

country_001-1.2
        country_001 - Jolene
        \-> matches: ['acoustic_guitar', 'storytelling']

country_002-1.2
        country_002 - Take Me Home, Country Roads
        \-> matches: ['acoustic_guitar', 'storytelling']

country_003-1.2
        country_003 - Friends in Low Places
        \-> matches: ['acoustic_guitar', 'storytelling']

rap_002-0.9
        rap_002 - Juicy
        \-> matches: ['storytelling']

pop_003-0.9
        pop_003 - Shape of You
        \-> matches: ['acoustic_guitar']

rap_001-0.6
        rap_001 - Lose Yourself
        \-> matches: ['storytelling']

rap_003-0.6
        rap_003 - C.R.E.A.M.
        \-> matches: ['storytelling']

rap_005-0.6
        rap_005 - Mockingbird
        \-> matches: ['storytelling']

reggae_001-0.6
        reggae_001 - No Woman No Cry
        \-> matches: ['electric_guitar']

reggae_002-0.6
        reggae_002 - Buffalo Soldier
        \-> matches: ['storytelling']

rnb_002-0.6
        rnb_002 - Irreplaceable
        \-> matches: ['acoustic_guitar']

Classified 19 of 46 contents (41.30434782608695%)
Running Recommender on country_trap.txt

Recommendation for category: C:\Users\Utente\Desktop\DEGARI-Music2.0\Sistema di raccomandazione\prototipi_music\country_
trap.txt

Category prototype:

[('acoustic_guitar', True),
 ('storytelling', True),
 ('808', False),
 ('hi_hat_triplets', False),
 ('auto_tune', False)]
[]

Recommended artworks:


rnb_003-1.8
        rnb_003 - The Hills
        \-> matches: ['808', 'auto_tune']

trap_001-1.2
        trap_001 - Highest in the Room
        \-> matches: ['hi_hat_triplets', 'auto_tune']

country_001-1.2
        country_001 - Jolene
        \-> matches: ['acoustic_guitar', 'storytelling']

country_002-1.2
        country_002 - Take Me Home, Country Roads
        \-> matches: ['acoustic_guitar', 'storytelling']

country_003-1.2
        country_003 - Friends in Low Places
        \-> matches: ['acoustic_guitar', 'storytelling']

rap_002-0.9
        rap_002 - Juicy
        \-> matches: ['storytelling']

rap_006-0.9
        rap_006 - HUMBLE.
        \-> matches: ['hi_hat_triplets']

pop_003-0.9
        pop_003 - Shape of You
        \-> matches: ['acoustic_guitar']

rap_001-0.6
        rap_001 - Lose Yourself
        \-> matches: ['storytelling']

rap_003-0.6
        rap_003 - C.R.E.A.M.
        \-> matches: ['storytelling']

rap_005-0.6
        rap_005 - Mockingbird
        \-> matches: ['storytelling']

trap_002-0.6
        trap_002 - Mask Off
        \-> matches: ['auto_tune']

trap_004-0.6
        trap_004 - SICKO MODE
        \-> matches: ['hi_hat_triplets']

reggae_002-0.6
        reggae_002 - Buffalo Soldier
        \-> matches: ['storytelling']

rnb_002-0.6
        rnb_002 - Irreplaceable
        \-> matches: ['acoustic_guitar']

Classified 15 of 46 contents (32.608695652173914%)
Running Recommender on metal_country.txt

Recommendation for category: C:\Users\Utente\Desktop\DEGARI-Music2.0\Sistema di raccomandazione\prototipi_music\metal_co
untry.txt

Category prototype:

[('electric_guitar', True),
 ('acoustic_drums', True),
 ('acoustic_guitar', False),
 ('storytelling', False)]
[]

Recommended artworks:


metal_001-1.2
        metal_001 - Master of Puppets
        \-> matches: ['electric_guitar', 'acoustic_drums']

metal_002-1.2
        metal_002 - Painkiller
        \-> matches: ['electric_guitar', 'acoustic_drums']

metal_003-1.2
        metal_003 - Paranoid
        \-> matches: ['electric_guitar', 'acoustic_drums']

metal_004-1.2
        metal_004 - Enter Sandman
        \-> matches: ['electric_guitar', 'acoustic_drums']

rock_001-1.2
        rock_001 - Smells Like Teen Spirit
        \-> matches: ['electric_guitar', 'acoustic_drums']

rock_002-1.2
        rock_002 - Back in Black
        \-> matches: ['electric_guitar', 'acoustic_drums']

rock_003-1.2
        rock_003 - Seven Nation Army
        \-> matches: ['electric_guitar', 'acoustic_drums']

rock_004-1.2
        rock_004 - Come as You Are
        \-> matches: ['electric_guitar', 'acoustic_drums']

country_001-1.2
        country_001 - Jolene
        \-> matches: ['acoustic_guitar', 'storytelling']

country_002-1.2
        country_002 - Take Me Home, Country Roads
        \-> matches: ['acoustic_guitar', 'storytelling']

country_003-1.2
        country_003 - Friends in Low Places
        \-> matches: ['acoustic_guitar', 'storytelling']

rap_002-0.9
        rap_002 - Juicy
        \-> matches: ['storytelling']

pop_003-0.9
        pop_003 - Shape of You
        \-> matches: ['acoustic_guitar']

rap_001-0.6
        rap_001 - Lose Yourself
        \-> matches: ['storytelling']

rap_003-0.6
        rap_003 - C.R.E.A.M.
        \-> matches: ['storytelling']

rap_005-0.6
        rap_005 - Mockingbird
        \-> matches: ['storytelling']

reggae_001-0.6
        reggae_001 - No Woman No Cry
        \-> matches: ['electric_guitar']

reggae_002-0.6
        reggae_002 - Buffalo Soldier
        \-> matches: ['storytelling']

rnb_002-0.6
        rnb_002 - Irreplaceable
        \-> matches: ['acoustic_guitar']

Classified 19 of 46 contents (41.30434782608695%)
Running Recommender on metal_pop.txt

Recommendation for category: C:\Users\Utente\Desktop\DEGARI-Music2.0\Sistema di raccomandazione\prototipi_music\metal_po
p.txt

Category prototype:

[('electric_guitar', True), ('acoustic_drums', True), ('catchy_chorus', False)]
[]

Recommended artworks:


metal_001-1.7999999999999998
        metal_001 - Master of Puppets
        \-> matches: ['electric_guitar', 'acoustic_drums', 'catchy_chorus']

metal_002-1.7999999999999998
        metal_002 - Painkiller
        \-> matches: ['electric_guitar', 'acoustic_drums', 'catchy_chorus']

metal_003-1.7999999999999998
        metal_003 - Paranoid
        \-> matches: ['electric_guitar', 'acoustic_drums', 'catchy_chorus']

metal_004-1.7999999999999998
        metal_004 - Enter Sandman
        \-> matches: ['electric_guitar', 'acoustic_drums', 'catchy_chorus']

rock_001-1.7999999999999998
        rock_001 - Smells Like Teen Spirit
        \-> matches: ['electric_guitar', 'acoustic_drums', 'catchy_chorus']

rock_002-1.7999999999999998
        rock_002 - Back in Black
        \-> matches: ['electric_guitar', 'acoustic_drums', 'catchy_chorus']

rock_003-1.7999999999999998
        rock_003 - Seven Nation Army
        \-> matches: ['electric_guitar', 'acoustic_drums', 'catchy_chorus']

rock_004-1.2
        rock_004 - Come as You Are
        \-> matches: ['electric_guitar', 'acoustic_drums']

reggae_001-1.2
        reggae_001 - No Woman No Cry
        \-> matches: ['electric_guitar', 'catchy_chorus']

rap_002-0.9
        rap_002 - Juicy
        \-> matches: ['catchy_chorus']

pop_003-0.9
        pop_003 - Shape of You
        \-> matches: ['catchy_chorus']

rnb_003-0.9
        rnb_003 - The Hills
        \-> matches: ['catchy_chorus']

rap_001-0.6
        rap_001 - Lose Yourself
        \-> matches: ['catchy_chorus']

rap_003-0.6
        rap_003 - C.R.E.A.M.
        \-> matches: ['catchy_chorus']

rap_004-0.6
        rap_004 - Rap God
        \-> matches: ['catchy_chorus']

pop_001-0.6
        pop_001 - Blinding Lights
        \-> matches: ['catchy_chorus']

pop_002-0.6
        pop_002 - Bad Romance
        \-> matches: ['catchy_chorus']

trap_001-0.6
        trap_001 - Highest in the Room
        \-> matches: ['catchy_chorus']

trap_002-0.6
        trap_002 - Mask Off
        \-> matches: ['catchy_chorus']

trap_003-0.6
        trap_003 - Bank Account
        \-> matches: ['catchy_chorus']

reggae_002-0.6
        reggae_002 - Buffalo Soldier
        \-> matches: ['catchy_chorus']

reggae_003-0.6
        reggae_003 - Sweat (A La La La La Long)
        \-> matches: ['catchy_chorus']

rnb_001-0.6
        rnb_001 - No Scrubs
        \-> matches: ['catchy_chorus']

rnb_002-0.6
        rnb_002 - Irreplaceable
        \-> matches: ['catchy_chorus']

country_001-0.6
        country_001 - Jolene
        \-> matches: ['catchy_chorus']

country_002-0.6
        country_002 - Take Me Home, Country Roads
        \-> matches: ['catchy_chorus']

country_003-0.6
        country_003 - Friends in Low Places
        \-> matches: ['catchy_chorus']

trap_future_mask-off-0.6
        trap_future_mask-off - Mask Off
        \-> matches: ['catchy_chorus']

metal_judas-prie_painkiller-0.6
        metal_judas-prie_painkiller - Painkiller
        \-> matches: ['catchy_chorus']

rock_ac-dc_t-n-t-0.6
        rock_ac-dc_t-n-t - T.N.T.
        \-> matches: ['catchy_chorus']

pop_lady-gaga_shallow-0.6
        pop_lady-gaga_shallow - Shallow
        \-> matches: ['catchy_chorus']

reggae_bob-marley_one-love-0.6
        reggae_bob-marley_one-love - One Love
        \-> matches: ['catchy_chorus']

reggae_inner-circ_bad-boys-0.6
        reggae_inner-circ_bad-boys - Bad Boys
        \-> matches: ['catchy_chorus']

rnb_tlc_no-scrubs-with-r-0.6
        rnb_tlc_no-scrubs-with-r - No Scrubs (With Rap)
        \-> matches: ['catchy_chorus']

country_john-denve_take-me-home-cou-0.6
        country_john-denve_take-me-home-cou - Take Me Home, Country Roads
        \-> matches: ['catchy_chorus']

country_dolly-part_jolene-0.6
        country_dolly-part_jolene - Jolene
        \-> matches: ['catchy_chorus']

rock_nirvana_smells-like-teen-0.6
        rock_nirvana_smells-like-teen - Smells Like Teen Spirit
        \-> matches: ['catchy_chorus']

Classified 37 of 46 contents (80.43478260869566%)
Running Recommender on metal_rap.txt

Recommendation for category: C:\Users\Utente\Desktop\DEGARI-Music2.0\Sistema di raccomandazione\prototipi_music\metal_ra
p.txt

Category prototype:

[('electric_guitar', True),
 ('acoustic_drums', True),
 ('spoken_or_rap_vocals', False)]
[]

Recommended artworks:


metal_001-1.2
        metal_001 - Master of Puppets
        \-> matches: ['electric_guitar', 'acoustic_drums']

metal_002-1.2
        metal_002 - Painkiller
        \-> matches: ['electric_guitar', 'acoustic_drums']

metal_003-1.2
        metal_003 - Paranoid
        \-> matches: ['electric_guitar', 'acoustic_drums']

metal_004-1.2
        metal_004 - Enter Sandman
        \-> matches: ['electric_guitar', 'acoustic_drums']

rock_001-1.2
        rock_001 - Smells Like Teen Spirit
        \-> matches: ['electric_guitar', 'acoustic_drums']

rock_002-1.2
        rock_002 - Back in Black
        \-> matches: ['electric_guitar', 'acoustic_drums']

rock_003-1.2
        rock_003 - Seven Nation Army
        \-> matches: ['electric_guitar', 'acoustic_drums']

rock_004-1.2
        rock_004 - Come as You Are
        \-> matches: ['electric_guitar', 'acoustic_drums']

rap_006-0.9
        rap_006 - HUMBLE.
        \-> matches: ['spoken_or_rap_vocals']

rap_004-0.6
        rap_004 - Rap God
        \-> matches: ['spoken_or_rap_vocals']

rap_005-0.6
        rap_005 - Mockingbird
        \-> matches: ['spoken_or_rap_vocals']

trap_004-0.6
        trap_004 - SICKO MODE
        \-> matches: ['spoken_or_rap_vocals']

reggae_001-0.6
        reggae_001 - No Woman No Cry
        \-> matches: ['electric_guitar']

Classified 13 of 46 contents (28.26086956521739%)
Running Recommender on metal_reggae.txt

Recommendation for category: C:\Users\Utente\Desktop\DEGARI-Music2.0\Sistema di raccomandazione\prototipi_music\metal_re
ggae.txt

Category prototype:

[('electric_guitar', True),
 ('acoustic_drums', True),
 ('offbeat_rhythm', False),
 ('bassline', False)]
[]

Recommended artworks:


metal_001-1.2
        metal_001 - Master of Puppets
        \-> matches: ['electric_guitar', 'acoustic_drums']

metal_002-1.2
        metal_002 - Painkiller
        \-> matches: ['electric_guitar', 'acoustic_drums']

metal_003-1.2
        metal_003 - Paranoid
        \-> matches: ['electric_guitar', 'acoustic_drums']

metal_004-1.2
        metal_004 - Enter Sandman
        \-> matches: ['electric_guitar', 'acoustic_drums']

rock_001-1.2
        rock_001 - Smells Like Teen Spirit
        \-> matches: ['electric_guitar', 'acoustic_drums']

rock_002-1.2
        rock_002 - Back in Black
        \-> matches: ['electric_guitar', 'acoustic_drums']

rock_003-1.2
        rock_003 - Seven Nation Army
        \-> matches: ['electric_guitar', 'acoustic_drums']

rock_004-1.2
        rock_004 - Come as You Are
        \-> matches: ['electric_guitar', 'acoustic_drums']

reggae_001-1.2
        reggae_001 - No Woman No Cry
        \-> matches: ['electric_guitar', 'offbeat_rhythm']

reggae_003-0.6
        reggae_003 - Sweat (A La La La La Long)
        \-> matches: ['offbeat_rhythm']

Classified 10 of 46 contents (21.73913043478261%)
Running Recommender on metal_rnb.txt

Recommendation for category: C:\Users\Utente\Desktop\DEGARI-Music2.0\Sistema di raccomandazione\prototipi_music\metal_rn
b.txt

Category prototype:

[('electric_guitar', True), ('acoustic_drums', True), ('smooth_vocals', False)]
[]

Recommended artworks:


metal_001-1.2
        metal_001 - Master of Puppets
        \-> matches: ['electric_guitar', 'acoustic_drums']

metal_002-1.2
        metal_002 - Painkiller
        \-> matches: ['electric_guitar', 'acoustic_drums']

metal_003-1.2
        metal_003 - Paranoid
        \-> matches: ['electric_guitar', 'acoustic_drums']

metal_004-1.2
        metal_004 - Enter Sandman
        \-> matches: ['electric_guitar', 'acoustic_drums']

rock_001-1.2
        rock_001 - Smells Like Teen Spirit
        \-> matches: ['electric_guitar', 'acoustic_drums']

rock_002-1.2
        rock_002 - Back in Black
        \-> matches: ['electric_guitar', 'acoustic_drums']

rock_003-1.2
        rock_003 - Seven Nation Army
        \-> matches: ['electric_guitar', 'acoustic_drums']

rock_004-1.2
        rock_004 - Come as You Are
        \-> matches: ['electric_guitar', 'acoustic_drums']

reggae_001-0.6
        reggae_001 - No Woman No Cry
        \-> matches: ['electric_guitar']

rnb_001-0.6
        rnb_001 - No Scrubs
        \-> matches: ['smooth_vocals']

rnb_002-0.6
        rnb_002 - Irreplaceable
        \-> matches: ['smooth_vocals']

Classified 11 of 46 contents (23.91304347826087%)
Running Recommender on metal_rock.txt

Recommendation for category: C:\Users\Utente\Desktop\DEGARI-Music2.0\Sistema di raccomandazione\prototipi_music\metal_ro
ck.txt

Category prototype:

[('electric_guitar', True),
 ('acoustic_drums', True),
 ('electric_guitar', False),
 ('acoustic_drums', False)]
[]

Recommended artworks:


metal_001-1.2
        metal_001 - Master of Puppets
        \-> matches: ['electric_guitar', 'acoustic_drums', 'electric_guitar', 'acoustic_drums']

metal_002-1.2
        metal_002 - Painkiller
        \-> matches: ['electric_guitar', 'acoustic_drums', 'electric_guitar', 'acoustic_drums']

metal_003-1.2
        metal_003 - Paranoid
        \-> matches: ['electric_guitar', 'acoustic_drums', 'electric_guitar', 'acoustic_drums']

metal_004-1.2
        metal_004 - Enter Sandman
        \-> matches: ['electric_guitar', 'acoustic_drums', 'electric_guitar', 'acoustic_drums']

rock_001-1.2
        rock_001 - Smells Like Teen Spirit
        \-> matches: ['electric_guitar', 'acoustic_drums', 'electric_guitar', 'acoustic_drums']

rock_002-1.2
        rock_002 - Back in Black
        \-> matches: ['electric_guitar', 'acoustic_drums', 'electric_guitar', 'acoustic_drums']

rock_003-1.2
        rock_003 - Seven Nation Army
        \-> matches: ['electric_guitar', 'acoustic_drums', 'electric_guitar', 'acoustic_drums']

rock_004-1.2
        rock_004 - Come as You Are
        \-> matches: ['electric_guitar', 'acoustic_drums', 'electric_guitar', 'acoustic_drums']

reggae_001-0.6
        reggae_001 - No Woman No Cry
        \-> matches: ['electric_guitar', 'electric_guitar']

Classified 9 of 46 contents (19.565217391304348%)
Running Recommender on metal_trap.txt

Recommendation for category: C:\Users\Utente\Desktop\DEGARI-Music2.0\Sistema di raccomandazione\prototipi_music\metal_tr
ap.txt

Category prototype:

[('electric_guitar', True),
 ('acoustic_drums', True),
 ('808', False),
 ('hi_hat_triplets', False),
 ('auto_tune', False)]
[]

Recommended artworks:


rnb_003-1.8
        rnb_003 - The Hills
        \-> matches: ['808', 'auto_tune']

metal_001-1.2
        metal_001 - Master of Puppets
        \-> matches: ['electric_guitar', 'acoustic_drums']

metal_002-1.2
        metal_002 - Painkiller
        \-> matches: ['electric_guitar', 'acoustic_drums']

metal_003-1.2
        metal_003 - Paranoid
        \-> matches: ['electric_guitar', 'acoustic_drums']

metal_004-1.2
        metal_004 - Enter Sandman
        \-> matches: ['electric_guitar', 'acoustic_drums']

rock_001-1.2
        rock_001 - Smells Like Teen Spirit
        \-> matches: ['electric_guitar', 'acoustic_drums']

rock_002-1.2
        rock_002 - Back in Black
        \-> matches: ['electric_guitar', 'acoustic_drums']

rock_003-1.2
        rock_003 - Seven Nation Army
        \-> matches: ['electric_guitar', 'acoustic_drums']

rock_004-1.2
        rock_004 - Come as You Are
        \-> matches: ['electric_guitar', 'acoustic_drums']

trap_001-1.2
        trap_001 - Highest in the Room
        \-> matches: ['hi_hat_triplets', 'auto_tune']

rap_006-0.9
        rap_006 - HUMBLE.
        \-> matches: ['hi_hat_triplets']

trap_002-0.6
        trap_002 - Mask Off
        \-> matches: ['auto_tune']

trap_004-0.6
        trap_004 - SICKO MODE
        \-> matches: ['hi_hat_triplets']

reggae_001-0.6
        reggae_001 - No Woman No Cry
        \-> matches: ['electric_guitar']

Classified 14 of 46 contents (30.434782608695652%)
Running Recommender on pop_country.txt

Recommendation for category: C:\Users\Utente\Desktop\DEGARI-Music2.0\Sistema di raccomandazione\prototipi_music\pop_coun
try.txt

Category prototype:

[('catchy_chorus', True), ('acoustic_guitar', False), ('storytelling', False)]
[]

Recommended artworks:


rap_002-1.8
        rap_002 - Juicy
        \-> matches: ['catchy_chorus', 'storytelling']

pop_003-1.8
        pop_003 - Shape of You
        \-> matches: ['catchy_chorus', 'acoustic_guitar']

country_001-1.7999999999999998
        country_001 - Jolene
        \-> matches: ['catchy_chorus', 'acoustic_guitar', 'storytelling']

country_002-1.7999999999999998
        country_002 - Take Me Home, Country Roads
        \-> matches: ['catchy_chorus', 'acoustic_guitar', 'storytelling']

country_003-1.7999999999999998
        country_003 - Friends in Low Places
        \-> matches: ['catchy_chorus', 'acoustic_guitar', 'storytelling']

rap_001-1.2
        rap_001 - Lose Yourself
        \-> matches: ['catchy_chorus', 'storytelling']

rap_003-1.2
        rap_003 - C.R.E.A.M.
        \-> matches: ['catchy_chorus', 'storytelling']

reggae_002-1.2
        reggae_002 - Buffalo Soldier
        \-> matches: ['catchy_chorus', 'storytelling']

rnb_002-1.2
        rnb_002 - Irreplaceable
        \-> matches: ['catchy_chorus', 'acoustic_guitar']

rnb_003-0.9
        rnb_003 - The Hills
        \-> matches: ['catchy_chorus']

rap_004-0.6
        rap_004 - Rap God
        \-> matches: ['catchy_chorus']

rap_005-0.6
        rap_005 - Mockingbird
        \-> matches: ['storytelling']

metal_001-0.6
        metal_001 - Master of Puppets
        \-> matches: ['catchy_chorus']

metal_002-0.6
        metal_002 - Painkiller
        \-> matches: ['catchy_chorus']

metal_003-0.6
        metal_003 - Paranoid
        \-> matches: ['catchy_chorus']

metal_004-0.6
        metal_004 - Enter Sandman
        \-> matches: ['catchy_chorus']

rock_001-0.6
        rock_001 - Smells Like Teen Spirit
        \-> matches: ['catchy_chorus']

rock_002-0.6
        rock_002 - Back in Black
        \-> matches: ['catchy_chorus']

rock_003-0.6
        rock_003 - Seven Nation Army
        \-> matches: ['catchy_chorus']

pop_001-0.6
        pop_001 - Blinding Lights
        \-> matches: ['catchy_chorus']

pop_002-0.6
        pop_002 - Bad Romance
        \-> matches: ['catchy_chorus']

trap_001-0.6
        trap_001 - Highest in the Room
        \-> matches: ['catchy_chorus']

trap_002-0.6
        trap_002 - Mask Off
        \-> matches: ['catchy_chorus']

trap_003-0.6
        trap_003 - Bank Account
        \-> matches: ['catchy_chorus']

reggae_001-0.6
        reggae_001 - No Woman No Cry
        \-> matches: ['catchy_chorus']

reggae_003-0.6
        reggae_003 - Sweat (A La La La La Long)
        \-> matches: ['catchy_chorus']

rnb_001-0.6
        rnb_001 - No Scrubs
        \-> matches: ['catchy_chorus']

trap_future_mask-off-0.6
        trap_future_mask-off - Mask Off
        \-> matches: ['catchy_chorus']

metal_judas-prie_painkiller-0.6
        metal_judas-prie_painkiller - Painkiller
        \-> matches: ['catchy_chorus']

rock_ac-dc_t-n-t-0.6
        rock_ac-dc_t-n-t - T.N.T.
        \-> matches: ['catchy_chorus']

pop_lady-gaga_shallow-0.6
        pop_lady-gaga_shallow - Shallow
        \-> matches: ['catchy_chorus']

reggae_bob-marley_one-love-0.6
        reggae_bob-marley_one-love - One Love
        \-> matches: ['catchy_chorus']

reggae_inner-circ_bad-boys-0.6
        reggae_inner-circ_bad-boys - Bad Boys
        \-> matches: ['catchy_chorus']

rnb_tlc_no-scrubs-with-r-0.6
        rnb_tlc_no-scrubs-with-r - No Scrubs (With Rap)
        \-> matches: ['catchy_chorus']

country_john-denve_take-me-home-cou-0.6
        country_john-denve_take-me-home-cou - Take Me Home, Country Roads
        \-> matches: ['catchy_chorus']

country_dolly-part_jolene-0.6
        country_dolly-part_jolene - Jolene
        \-> matches: ['catchy_chorus']

rock_nirvana_smells-like-teen-0.6
        rock_nirvana_smells-like-teen - Smells Like Teen Spirit
        \-> matches: ['catchy_chorus']

Classified 37 of 46 contents (80.43478260869566%)
Running Recommender on pop_metal.txt

Recommendation for category: C:\Users\Utente\Desktop\DEGARI-Music2.0\Sistema di raccomandazione\prototipi_music\pop_meta
l.txt

Category prototype:

[('catchy_chorus', True), ('electric_guitar', False), ('acoustic_drums', False)]
[]

Recommended artworks:


metal_001-1.7999999999999998
        metal_001 - Master of Puppets
        \-> matches: ['catchy_chorus', 'electric_guitar', 'acoustic_drums']

metal_002-1.7999999999999998
        metal_002 - Painkiller
        \-> matches: ['catchy_chorus', 'electric_guitar', 'acoustic_drums']

metal_003-1.7999999999999998
        metal_003 - Paranoid
        \-> matches: ['catchy_chorus', 'electric_guitar', 'acoustic_drums']

metal_004-1.7999999999999998
        metal_004 - Enter Sandman
        \-> matches: ['catchy_chorus', 'electric_guitar', 'acoustic_drums']

rock_001-1.7999999999999998
        rock_001 - Smells Like Teen Spirit
        \-> matches: ['catchy_chorus', 'electric_guitar', 'acoustic_drums']

rock_002-1.7999999999999998
        rock_002 - Back in Black
        \-> matches: ['catchy_chorus', 'electric_guitar', 'acoustic_drums']

rock_003-1.7999999999999998
        rock_003 - Seven Nation Army
        \-> matches: ['catchy_chorus', 'electric_guitar', 'acoustic_drums']

rock_004-1.2
        rock_004 - Come as You Are
        \-> matches: ['electric_guitar', 'acoustic_drums']

reggae_001-1.2
        reggae_001 - No Woman No Cry
        \-> matches: ['catchy_chorus', 'electric_guitar']

rap_002-0.9
        rap_002 - Juicy
        \-> matches: ['catchy_chorus']

pop_003-0.9
        pop_003 - Shape of You
        \-> matches: ['catchy_chorus']

rnb_003-0.9
        rnb_003 - The Hills
        \-> matches: ['catchy_chorus']

rap_001-0.6
        rap_001 - Lose Yourself
        \-> matches: ['catchy_chorus']

rap_003-0.6
        rap_003 - C.R.E.A.M.
        \-> matches: ['catchy_chorus']

rap_004-0.6
        rap_004 - Rap God
        \-> matches: ['catchy_chorus']

pop_001-0.6
        pop_001 - Blinding Lights
        \-> matches: ['catchy_chorus']

pop_002-0.6
        pop_002 - Bad Romance
        \-> matches: ['catchy_chorus']

trap_001-0.6
        trap_001 - Highest in the Room
        \-> matches: ['catchy_chorus']

trap_002-0.6
        trap_002 - Mask Off
        \-> matches: ['catchy_chorus']

trap_003-0.6
        trap_003 - Bank Account
        \-> matches: ['catchy_chorus']

reggae_002-0.6
        reggae_002 - Buffalo Soldier
        \-> matches: ['catchy_chorus']

reggae_003-0.6
        reggae_003 - Sweat (A La La La La Long)
        \-> matches: ['catchy_chorus']

rnb_001-0.6
        rnb_001 - No Scrubs
        \-> matches: ['catchy_chorus']

rnb_002-0.6
        rnb_002 - Irreplaceable
        \-> matches: ['catchy_chorus']

country_001-0.6
        country_001 - Jolene
        \-> matches: ['catchy_chorus']

country_002-0.6
        country_002 - Take Me Home, Country Roads
        \-> matches: ['catchy_chorus']

country_003-0.6
        country_003 - Friends in Low Places
        \-> matches: ['catchy_chorus']

trap_future_mask-off-0.6
        trap_future_mask-off - Mask Off
        \-> matches: ['catchy_chorus']

metal_judas-prie_painkiller-0.6
        metal_judas-prie_painkiller - Painkiller
        \-> matches: ['catchy_chorus']

rock_ac-dc_t-n-t-0.6
        rock_ac-dc_t-n-t - T.N.T.
        \-> matches: ['catchy_chorus']

pop_lady-gaga_shallow-0.6
        pop_lady-gaga_shallow - Shallow
        \-> matches: ['catchy_chorus']

reggae_bob-marley_one-love-0.6
        reggae_bob-marley_one-love - One Love
        \-> matches: ['catchy_chorus']

reggae_inner-circ_bad-boys-0.6
        reggae_inner-circ_bad-boys - Bad Boys
        \-> matches: ['catchy_chorus']

rnb_tlc_no-scrubs-with-r-0.6
        rnb_tlc_no-scrubs-with-r - No Scrubs (With Rap)
        \-> matches: ['catchy_chorus']

country_john-denve_take-me-home-cou-0.6
        country_john-denve_take-me-home-cou - Take Me Home, Country Roads
        \-> matches: ['catchy_chorus']

country_dolly-part_jolene-0.6
        country_dolly-part_jolene - Jolene
        \-> matches: ['catchy_chorus']

rock_nirvana_smells-like-teen-0.6
        rock_nirvana_smells-like-teen - Smells Like Teen Spirit
        \-> matches: ['catchy_chorus']

Classified 37 of 46 contents (80.43478260869566%)
Running Recommender on pop_rap.txt

Recommendation for category: C:\Users\Utente\Desktop\DEGARI-Music2.0\Sistema di raccomandazione\prototipi_music\pop_rap.
txt

Category prototype:

[('catchy_chorus', True), ('spoken_or_rap_vocals', False)]
[]

Recommended artworks:


rap_004-1.2
        rap_004 - Rap God
        \-> matches: ['catchy_chorus', 'spoken_or_rap_vocals']

rap_002-0.9
        rap_002 - Juicy
        \-> matches: ['catchy_chorus']

rap_006-0.9
        rap_006 - HUMBLE.
        \-> matches: ['spoken_or_rap_vocals']

pop_003-0.9
        pop_003 - Shape of You
        \-> matches: ['catchy_chorus']

rnb_003-0.9
        rnb_003 - The Hills
        \-> matches: ['catchy_chorus']

rap_001-0.6
        rap_001 - Lose Yourself
        \-> matches: ['catchy_chorus']

rap_003-0.6
        rap_003 - C.R.E.A.M.
        \-> matches: ['catchy_chorus']

rap_005-0.6
        rap_005 - Mockingbird
        \-> matches: ['spoken_or_rap_vocals']

metal_001-0.6
        metal_001 - Master of Puppets
        \-> matches: ['catchy_chorus']

metal_002-0.6
        metal_002 - Painkiller
        \-> matches: ['catchy_chorus']

metal_003-0.6
        metal_003 - Paranoid
        \-> matches: ['catchy_chorus']

metal_004-0.6
        metal_004 - Enter Sandman
        \-> matches: ['catchy_chorus']

rock_001-0.6
        rock_001 - Smells Like Teen Spirit
        \-> matches: ['catchy_chorus']

rock_002-0.6
        rock_002 - Back in Black
        \-> matches: ['catchy_chorus']

rock_003-0.6
        rock_003 - Seven Nation Army
        \-> matches: ['catchy_chorus']

pop_001-0.6
        pop_001 - Blinding Lights
        \-> matches: ['catchy_chorus']

pop_002-0.6
        pop_002 - Bad Romance
        \-> matches: ['catchy_chorus']

trap_001-0.6
        trap_001 - Highest in the Room
        \-> matches: ['catchy_chorus']

trap_002-0.6
        trap_002 - Mask Off
        \-> matches: ['catchy_chorus']

trap_003-0.6
        trap_003 - Bank Account
        \-> matches: ['catchy_chorus']

trap_004-0.6
        trap_004 - SICKO MODE
        \-> matches: ['spoken_or_rap_vocals']

reggae_001-0.6
        reggae_001 - No Woman No Cry
        \-> matches: ['catchy_chorus']

reggae_002-0.6
        reggae_002 - Buffalo Soldier
        \-> matches: ['catchy_chorus']

reggae_003-0.6
        reggae_003 - Sweat (A La La La La Long)
        \-> matches: ['catchy_chorus']

rnb_001-0.6
        rnb_001 - No Scrubs
        \-> matches: ['catchy_chorus']

rnb_002-0.6
        rnb_002 - Irreplaceable
        \-> matches: ['catchy_chorus']

country_001-0.6
        country_001 - Jolene
        \-> matches: ['catchy_chorus']

country_002-0.6
        country_002 - Take Me Home, Country Roads
        \-> matches: ['catchy_chorus']

country_003-0.6
        country_003 - Friends in Low Places
        \-> matches: ['catchy_chorus']

trap_future_mask-off-0.6
        trap_future_mask-off - Mask Off
        \-> matches: ['catchy_chorus']

metal_judas-prie_painkiller-0.6
        metal_judas-prie_painkiller - Painkiller
        \-> matches: ['catchy_chorus']

rock_ac-dc_t-n-t-0.6
        rock_ac-dc_t-n-t - T.N.T.
        \-> matches: ['catchy_chorus']

pop_lady-gaga_shallow-0.6
        pop_lady-gaga_shallow - Shallow
        \-> matches: ['catchy_chorus']

reggae_bob-marley_one-love-0.6
        reggae_bob-marley_one-love - One Love
        \-> matches: ['catchy_chorus']

reggae_inner-circ_bad-boys-0.6
        reggae_inner-circ_bad-boys - Bad Boys
        \-> matches: ['catchy_chorus']

rnb_tlc_no-scrubs-with-r-0.6
        rnb_tlc_no-scrubs-with-r - No Scrubs (With Rap)
        \-> matches: ['catchy_chorus']

country_john-denve_take-me-home-cou-0.6
        country_john-denve_take-me-home-cou - Take Me Home, Country Roads
        \-> matches: ['catchy_chorus']

country_dolly-part_jolene-0.6
        country_dolly-part_jolene - Jolene
        \-> matches: ['catchy_chorus']

rock_nirvana_smells-like-teen-0.6
        rock_nirvana_smells-like-teen - Smells Like Teen Spirit
        \-> matches: ['catchy_chorus']

Classified 39 of 46 contents (84.78260869565217%)
Running Recommender on pop_reggae.txt

Recommendation for category: C:\Users\Utente\Desktop\DEGARI-Music2.0\Sistema di raccomandazione\prototipi_music\pop_regg
ae.txt

Category prototype:

[('catchy_chorus', True), ('offbeat_rhythm', False), ('bassline', False)]
[]

Recommended artworks:


reggae_001-1.2
        reggae_001 - No Woman No Cry
        \-> matches: ['catchy_chorus', 'offbeat_rhythm']

reggae_003-1.2
        reggae_003 - Sweat (A La La La La Long)
        \-> matches: ['catchy_chorus', 'offbeat_rhythm']

rap_002-0.9
        rap_002 - Juicy
        \-> matches: ['catchy_chorus']

pop_003-0.9
        pop_003 - Shape of You
        \-> matches: ['catchy_chorus']

rnb_003-0.9
        rnb_003 - The Hills
        \-> matches: ['catchy_chorus']

rap_001-0.6
        rap_001 - Lose Yourself
        \-> matches: ['catchy_chorus']

rap_003-0.6
        rap_003 - C.R.E.A.M.
        \-> matches: ['catchy_chorus']

rap_004-0.6
        rap_004 - Rap God
        \-> matches: ['catchy_chorus']

metal_001-0.6
        metal_001 - Master of Puppets
        \-> matches: ['catchy_chorus']

metal_002-0.6
        metal_002 - Painkiller
        \-> matches: ['catchy_chorus']

metal_003-0.6
        metal_003 - Paranoid
        \-> matches: ['catchy_chorus']

metal_004-0.6
        metal_004 - Enter Sandman
        \-> matches: ['catchy_chorus']

rock_001-0.6
        rock_001 - Smells Like Teen Spirit
        \-> matches: ['catchy_chorus']

rock_002-0.6
        rock_002 - Back in Black
        \-> matches: ['catchy_chorus']

rock_003-0.6
        rock_003 - Seven Nation Army
        \-> matches: ['catchy_chorus']

pop_001-0.6
        pop_001 - Blinding Lights
        \-> matches: ['catchy_chorus']

pop_002-0.6
        pop_002 - Bad Romance
        \-> matches: ['catchy_chorus']

trap_001-0.6
        trap_001 - Highest in the Room
        \-> matches: ['catchy_chorus']

trap_002-0.6
        trap_002 - Mask Off
        \-> matches: ['catchy_chorus']

trap_003-0.6
        trap_003 - Bank Account
        \-> matches: ['catchy_chorus']

reggae_002-0.6
        reggae_002 - Buffalo Soldier
        \-> matches: ['catchy_chorus']

rnb_001-0.6
        rnb_001 - No Scrubs
        \-> matches: ['catchy_chorus']

rnb_002-0.6
        rnb_002 - Irreplaceable
        \-> matches: ['catchy_chorus']

country_001-0.6
        country_001 - Jolene
        \-> matches: ['catchy_chorus']

country_002-0.6
        country_002 - Take Me Home, Country Roads
        \-> matches: ['catchy_chorus']

country_003-0.6
        country_003 - Friends in Low Places
        \-> matches: ['catchy_chorus']

trap_future_mask-off-0.6
        trap_future_mask-off - Mask Off
        \-> matches: ['catchy_chorus']

metal_judas-prie_painkiller-0.6
        metal_judas-prie_painkiller - Painkiller
        \-> matches: ['catchy_chorus']

rock_ac-dc_t-n-t-0.6
        rock_ac-dc_t-n-t - T.N.T.
        \-> matches: ['catchy_chorus']

pop_lady-gaga_shallow-0.6
        pop_lady-gaga_shallow - Shallow
        \-> matches: ['catchy_chorus']

reggae_bob-marley_one-love-0.6
        reggae_bob-marley_one-love - One Love
        \-> matches: ['catchy_chorus']

reggae_inner-circ_bad-boys-0.6
        reggae_inner-circ_bad-boys - Bad Boys
        \-> matches: ['catchy_chorus']

rnb_tlc_no-scrubs-with-r-0.6
        rnb_tlc_no-scrubs-with-r - No Scrubs (With Rap)
        \-> matches: ['catchy_chorus']

country_john-denve_take-me-home-cou-0.6
        country_john-denve_take-me-home-cou - Take Me Home, Country Roads
        \-> matches: ['catchy_chorus']

country_dolly-part_jolene-0.6
        country_dolly-part_jolene - Jolene
        \-> matches: ['catchy_chorus']

rock_nirvana_smells-like-teen-0.6
        rock_nirvana_smells-like-teen - Smells Like Teen Spirit
        \-> matches: ['catchy_chorus']

Classified 36 of 46 contents (78.26086956521739%)
Running Recommender on pop_rnb.txt

Recommendation for category: C:\Users\Utente\Desktop\DEGARI-Music2.0\Sistema di raccomandazione\prototipi_music\pop_rnb.
txt

Category prototype:

[('catchy_chorus', True), ('smooth_vocals', False)]
[]

Recommended artworks:


rnb_001-1.2
        rnb_001 - No Scrubs
        \-> matches: ['catchy_chorus', 'smooth_vocals']

rnb_002-1.2
        rnb_002 - Irreplaceable
        \-> matches: ['catchy_chorus', 'smooth_vocals']

rap_002-0.9
        rap_002 - Juicy
        \-> matches: ['catchy_chorus']

pop_003-0.9
        pop_003 - Shape of You
        \-> matches: ['catchy_chorus']

rnb_003-0.9
        rnb_003 - The Hills
        \-> matches: ['catchy_chorus']

rap_001-0.6
        rap_001 - Lose Yourself
        \-> matches: ['catchy_chorus']

rap_003-0.6
        rap_003 - C.R.E.A.M.
        \-> matches: ['catchy_chorus']

rap_004-0.6
        rap_004 - Rap God
        \-> matches: ['catchy_chorus']

metal_001-0.6
        metal_001 - Master of Puppets
        \-> matches: ['catchy_chorus']

metal_002-0.6
        metal_002 - Painkiller
        \-> matches: ['catchy_chorus']

metal_003-0.6
        metal_003 - Paranoid
        \-> matches: ['catchy_chorus']

metal_004-0.6
        metal_004 - Enter Sandman
        \-> matches: ['catchy_chorus']

rock_001-0.6
        rock_001 - Smells Like Teen Spirit
        \-> matches: ['catchy_chorus']

rock_002-0.6
        rock_002 - Back in Black
        \-> matches: ['catchy_chorus']

rock_003-0.6
        rock_003 - Seven Nation Army
        \-> matches: ['catchy_chorus']

pop_001-0.6
        pop_001 - Blinding Lights
        \-> matches: ['catchy_chorus']

pop_002-0.6
        pop_002 - Bad Romance
        \-> matches: ['catchy_chorus']

trap_001-0.6
        trap_001 - Highest in the Room
        \-> matches: ['catchy_chorus']

trap_002-0.6
        trap_002 - Mask Off
        \-> matches: ['catchy_chorus']

trap_003-0.6
        trap_003 - Bank Account
        \-> matches: ['catchy_chorus']

reggae_001-0.6
        reggae_001 - No Woman No Cry
        \-> matches: ['catchy_chorus']

reggae_002-0.6
        reggae_002 - Buffalo Soldier
        \-> matches: ['catchy_chorus']

reggae_003-0.6
        reggae_003 - Sweat (A La La La La Long)
        \-> matches: ['catchy_chorus']

country_001-0.6
        country_001 - Jolene
        \-> matches: ['catchy_chorus']

country_002-0.6
        country_002 - Take Me Home, Country Roads
        \-> matches: ['catchy_chorus']

country_003-0.6
        country_003 - Friends in Low Places
        \-> matches: ['catchy_chorus']

trap_future_mask-off-0.6
        trap_future_mask-off - Mask Off
        \-> matches: ['catchy_chorus']

metal_judas-prie_painkiller-0.6
        metal_judas-prie_painkiller - Painkiller
        \-> matches: ['catchy_chorus']

rock_ac-dc_t-n-t-0.6
        rock_ac-dc_t-n-t - T.N.T.
        \-> matches: ['catchy_chorus']

pop_lady-gaga_shallow-0.6
        pop_lady-gaga_shallow - Shallow
        \-> matches: ['catchy_chorus']

reggae_bob-marley_one-love-0.6
        reggae_bob-marley_one-love - One Love
        \-> matches: ['catchy_chorus']

reggae_inner-circ_bad-boys-0.6
        reggae_inner-circ_bad-boys - Bad Boys
        \-> matches: ['catchy_chorus']

rnb_tlc_no-scrubs-with-r-0.6
        rnb_tlc_no-scrubs-with-r - No Scrubs (With Rap)
        \-> matches: ['catchy_chorus']

country_john-denve_take-me-home-cou-0.6
        country_john-denve_take-me-home-cou - Take Me Home, Country Roads
        \-> matches: ['catchy_chorus']

country_dolly-part_jolene-0.6
        country_dolly-part_jolene - Jolene
        \-> matches: ['catchy_chorus']

rock_nirvana_smells-like-teen-0.6
        rock_nirvana_smells-like-teen - Smells Like Teen Spirit
        \-> matches: ['catchy_chorus']

Classified 36 of 46 contents (78.26086956521739%)
Running Recommender on pop_rock.txt
        reggae_inner-circ_bad-boys - Bad Boys
        \-> matches: ['catchy_chorus']

rnb_tlc_no-scrubs-with-r-0.6
        rnb_tlc_no-scrubs-with-r - No Scrubs (With Rap)
        \-> matches: ['catchy_chorus']

country_john-denve_take-me-home-cou-0.6
        country_john-denve_take-me-home-cou - Take Me Home, Country Roads
        \-> matches: ['catchy_chorus']

country_dolly-part_jolene-0.6
        country_dolly-part_jolene - Jolene
        \-> matches: ['catchy_chorus']

rock_nirvana_smells-like-teen-0.6
        rock_nirvana_smells-like-teen - Smells Like Teen Spirit
        \-> matches: ['catchy_chorus']

Classified 37 of 46 contents (80.43478260869566%)
Running Recommender on pop_trap.txt

Running Recommender on rap_country.txt

Running Recommender on rap_metal.txt

Running Recommender on rap_pop.txt

Running Recommender on rap_reggae.txt

Running Recommender on rap_rnb.txt

Running Recommender on rap_rock.txt

Running Recommender on rap_trap.txt

Running Recommender on reggae_country.txt

Running Recommender on reggae_metal.txt

Running Recommender on reggae_pop.txt

Running Recommender on reggae_rap.txt

Running Recommender on reggae_rnb.txt

Running Recommender on reggae_rock.txt

Running Recommender on reggae_trap.txt

Running Recommender on rnb_country.txt

Running Recommender on rnb_metal.txt

Running Recommender on rnb_pop.txt

Running Recommender on rnb_rap.txt

Running Recommender on rnb_reggae.txt

Running Recommender on rnb_rock.txt

Running Recommender on rnb_trap.txt

Running Recommender on rock_country.txt

Running Recommender on rock_metal.txt

Running Recommender on rock_pop.txt

Running Recommender on rock_rap.txt

Running Recommender on rock_reggae.txt

Running Recommender on rock_rnb.txt

Running Recommender on rock_trap.txt

Running Recommender on trap_country.txt

Running Recommender on trap_metal.txt

Running Recommender on trap_pop.txt

Running Recommender on trap_rap.txt

Running Recommender on trap_reggae.txt

Running Recommender on trap_rnb.txt

Running Recommender on trap_rock.txt


=== PIPELINE COMPLETATA ===
**********************
Fine trascrizione Windows PowerShell
Ora di fine: 20250917193038
**********************
